warning: unused import: `self`
  --> src/bin/node.rs:13:17
   |
13 | use tokio::io::{self, AsyncBufReadExt, AsyncWriteExt, BufReader};
   |                 ^^^^
   |
   = note: `#[warn(unused_imports)]` on by default

warning: `cloud_p2p_raft` (bin "node") generated 1 warning (run `cargo fix --bin "node"` to apply 1 suggestion)
    Finished `dev` profile [unoptimized + debuginfo] target(s) in 0.03s
     Running `target/debug/node --id 1 --addr '127.0.0.1:7001' --peers '2=127.0.0.1:7002,3=127.0.0.1:7003' --client-addr '127.0.0.1:9001' --middleware-addr '127.0.0.1:9101'`
[2m2025-10-30T12:06:58.556079Z[0m [32m INFO[0m [2mnode[0m[2m:[0m Node 1 listening on 127.0.0.1:7001
[2m2025-10-30T12:06:58.556620Z[0m [32m INFO[0m [2mnode[0m[2m:[0m Node 1 attempting to connect to peer 3 at 127.0.0.1:7003
[2m2025-10-30T12:06:58.556800Z[0m [32m INFO[0m [2mnode[0m[2m:[0m Node 1 attempting to connect to peer 2 at 127.0.0.1:7002
[2m2025-10-30T12:06:58.556876Z[0m [32m INFO[0m [2mnode[0m[2m:[0m Node 1 connected to peer 3 at 127.0.0.1:7003
[2m2025-10-30T12:06:58.556973Z[0m [32m INFO[0m [2mnode[0m[2m:[0m 🔁 Node 1 middleware listening on 127.0.0.1:9101
[2m2025-10-30T12:06:58.556984Z[0m [32m INFO[0m [2mnode[0m[2m:[0m Node 1 connected to peer 2 at 127.0.0.1:7002
[2m2025-10-30T12:06:58.557007Z[0m [32m INFO[0m [2mnode[0m[2m:[0m 🌐 Node 1 client API listening on 127.0.0.1:9001
[2m2025-10-30T12:06:58.564289Z[0m [32m INFO[0m [2mnode[0m[2m:[0m Node 1 accepted connection from 127.0.0.1:56870
[2m2025-10-30T12:06:58.594207Z[0m [32m INFO[0m [2mnode[0m[2m:[0m Node 1 received AppendEntries from 3 (term 3, 0 entries)
[2m2025-10-30T12:06:58.639921Z[0m [32m INFO[0m [2mnode[0m[2m:[0m Node 1 accepted connection from 127.0.0.1:56871
[2m2025-10-30T12:06:59.096087Z[0m [32m INFO[0m [2mnode[0m[2m:[0m Node 1 received AppendEntries from 3 (term 3, 0 entries)
[2m2025-10-30T12:06:59.597341Z[0m [32m INFO[0m [2mnode[0m[2m:[0m Node 1 received AppendEntries from 3 (term 3, 0 entries)
[2m2025-10-30T12:07:00.084711Z[0m [32m INFO[0m [2mnode[0m[2m:[0m Node 1 received vote request from 4 for term 4
[2m2025-10-30T12:07:02.231130Z[0m [32m INFO[0m [2mnode[0m[2m:[0m Node 1 election timeout after 2.141602583s, starting election
[2m2025-10-30T12:07:02.231274Z[0m [32m INFO[0m [2mnode[0m[2m:[0m Node 1 starting election for term 5
[2m2025-10-30T12:07:02.307411Z[0m [32m INFO[0m [2mnode[0m[2m:[0m Node 1 received vote reply from 3 (granted: true)
[2m2025-10-30T12:07:02.307491Z[0m [32m INFO[0m [2mnode[0m[2m:[0m Node 1: term 5 has 2 granted votes out of 3
[2m2025-10-30T12:07:02.332977Z[0m [32m INFO[0m [2mnode[0m[2m:[0m Node 1 became leader for term 5
[2m2025-10-30T12:07:02.333422Z[0m [32m INFO[0m [2mnode[0m[2m:[0m Node 1 received AppendReply from 3 (success: true)
[2m2025-10-30T12:07:02.333471Z[0m [32m INFO[0m [2mnode[0m[2m:[0m Node 1 updated indices for 3 to 0
[2m2025-10-30T12:07:02.333682Z[0m [32m INFO[0m [2mnode[0m[2m:[0m Node 1 accepted connection from 127.0.0.1:56872
[2m2025-10-30T12:07:02.430668Z[0m [32m INFO[0m [2mnode[0m[2m:[0m Node 1 received vote request from 4 for term 5
[2m2025-10-30T12:07:02.574153Z[0m [32m INFO[0m [2mnode[0m[2m:[0m Node 1 received AppendReply from 3 (success: true)
[2m2025-10-30T12:07:02.574281Z[0m [32m INFO[0m [2mnode[0m[2m:[0m Node 1 updated indices for 3 to 0
[2m2025-10-30T12:07:02.574538Z[0m [32m INFO[0m [2mnode[0m[2m:[0m Node 1 received AppendReply from 2 (success: true)
[2m2025-10-30T12:07:02.574597Z[0m [32m INFO[0m [2mnode[0m[2m:[0m Node 1 updated indices for 2 to 0
[2m2025-10-30T12:07:03.076537Z[0m [32m INFO[0m [2mnode[0m[2m:[0m Node 1 received AppendReply from 2 (success: true)
[2m2025-10-30T12:07:03.076536Z[0m [32m INFO[0m [2mnode[0m[2m:[0m Node 1 received AppendReply from 3 (success: true)
[2m2025-10-30T12:07:03.076636Z[0m [32m INFO[0m [2mnode[0m[2m:[0m Node 1 updated indices for 2 to 0
[2m2025-10-30T12:07:03.076641Z[0m [32m INFO[0m [2mnode[0m[2m:[0m Node 1 updated indices for 3 to 0
[2m2025-10-30T12:07:03.577651Z[0m [32m INFO[0m [2mnode[0m[2m:[0m Node 1 received AppendReply from 2 (success: true)
[2m2025-10-30T12:07:03.577651Z[0m [32m INFO[0m [2mnode[0m[2m:[0m Node 1 received AppendReply from 3 (success: true)
[2m2025-10-30T12:07:03.577747Z[0m [32m INFO[0m [2mnode[0m[2m:[0m Node 1 updated indices for 2 to 0
[2m2025-10-30T12:07:03.577757Z[0m [32m INFO[0m [2mnode[0m[2m:[0m Node 1 updated indices for 3 to 0
[2m2025-10-30T12:07:04.079849Z[0m [32m INFO[0m [2mnode[0m[2m:[0m Node 1 received AppendReply from 2 (success: true)
[2m2025-10-30T12:07:04.079837Z[0m [32m INFO[0m [2mnode[0m[2m:[0m Node 1 received AppendReply from 3 (success: true)
[2m2025-10-30T12:07:04.079937Z[0m [32m INFO[0m [2mnode[0m[2m:[0m Node 1 updated indices for 2 to 0
[2m2025-10-30T12:07:04.079947Z[0m [32m INFO[0m [2mnode[0m[2m:[0m Node 1 updated indices for 3 to 0
[2m2025-10-30T12:07:04.581689Z[0m [32m INFO[0m [2mnode[0m[2m:[0m Node 1 received AppendReply from 2 (success: true)
[2m2025-10-30T12:07:04.581689Z[0m [32m INFO[0m [2mnode[0m[2m:[0m Node 1 received AppendReply from 3 (success: true)
[2m2025-10-30T12:07:04.581780Z[0m [32m INFO[0m [2mnode[0m[2m:[0m Node 1 updated indices for 2 to 0
[2m2025-10-30T12:07:04.581788Z[0m [32m INFO[0m [2mnode[0m[2m:[0m Node 1 updated indices for 3 to 0
[2m2025-10-30T12:07:05.083835Z[0m [32m INFO[0m [2mnode[0m[2m:[0m Node 1 received AppendReply from 2 (success: true)
[2m2025-10-30T12:07:05.083920Z[0m [32m INFO[0m [2mnode[0m[2m:[0m Node 1 updated indices for 2 to 0
[2m2025-10-30T12:07:05.084009Z[0m [32m INFO[0m [2mnode[0m[2m:[0m Node 1 received AppendReply from 3 (success: true)
[2m2025-10-30T12:07:05.084060Z[0m [32m INFO[0m [2mnode[0m[2m:[0m Node 1 updated indices for 3 to 0
[2m2025-10-30T12:07:05.390017Z[0m [32m INFO[0m [2mnode[0m[2m:[0m Node 1 received vote request from 4 for term 6
[2m2025-10-30T12:07:07.723289Z[0m [32m INFO[0m [2mnode[0m[2m:[0m Node 1 received vote request from 2 for term 7
[2m2025-10-30T12:07:07.825510Z[0m [32m INFO[0m [2mnode[0m[2m:[0m Node 1 received AppendEntries from 2 (term 7, 0 entries)
[2m2025-10-30T12:07:07.998605Z[0m [32m INFO[0m [2mnode[0m[2m:[0m Node 1 received AppendEntries from 2 (term 7, 0 entries)
[2m2025-10-30T12:07:08.142292Z[0m [32m INFO[0m [2mnode[0m[2m:[0m Node 1 received vote request from 4 for term 7
[2m2025-10-30T12:07:08.500850Z[0m [32m INFO[0m [2mnode[0m[2m:[0m Node 1 received AppendEntries from 2 (term 7, 0 entries)
[2m2025-10-30T12:07:09.004749Z[0m [32m INFO[0m [2mnode[0m[2m:[0m Node 1 received AppendEntries from 2 (term 7, 0 entries)
[2m2025-10-30T12:07:09.506116Z[0m [32m INFO[0m [2mnode[0m[2m:[0m Node 1 received AppendEntries from 2 (term 7, 0 entries)
[2m2025-10-30T12:07:10.008339Z[0m [32m INFO[0m [2mnode[0m[2m:[0m Node 1 received AppendEntries from 2 (term 7, 0 entries)
[2m2025-10-30T12:07:10.510671Z[0m [32m INFO[0m [2mnode[0m[2m:[0m Node 1 received AppendEntries from 2 (term 7, 0 entries)
[2m2025-10-30T12:07:10.689673Z[0m [32m INFO[0m [2mnode[0m[2m:[0m Node 1 received vote request from 4 for term 8
[2m2025-10-30T12:07:12.916130Z[0m [32m INFO[0m [2mnode[0m[2m:[0m Node 1 received vote request from 3 for term 9
[2m2025-10-30T12:07:13.017805Z[0m [32m INFO[0m [2mnode[0m[2m:[0m Node 1 received AppendEntries from 3 (term 9, 0 entries)
[2m2025-10-30T12:07:13.115975Z[0m [32m INFO[0m [2mnode[0m[2m:[0m Node 1 received AppendEntries from 3 (term 9, 0 entries)
[2m2025-10-30T12:07:13.446894Z[0m [32m INFO[0m [2mnode[0m[2m:[0m Node 1 received vote request from 4 for term 9
[2m2025-10-30T12:07:13.618182Z[0m [32m INFO[0m [2mnode[0m[2m:[0m Node 1 received AppendEntries from 3 (term 9, 0 entries)
[2m2025-10-30T12:07:14.120798Z[0m [32m INFO[0m [2mnode[0m[2m:[0m Node 1 received AppendEntries from 3 (term 9, 0 entries)
[2m2025-10-30T12:07:14.623031Z[0m [32m INFO[0m [2mnode[0m[2m:[0m Node 1 received AppendEntries from 3 (term 9, 0 entries)
[2m2025-10-30T12:07:15.127217Z[0m [32m INFO[0m [2mnode[0m[2m:[0m Node 1 received AppendEntries from 3 (term 9, 0 entries)
[2m2025-10-30T12:07:15.628788Z[0m [32m INFO[0m [2mnode[0m[2m:[0m Node 1 received AppendEntries from 3 (term 9, 0 entries)
[2m2025-10-30T12:07:15.691831Z[0m [32m INFO[0m [2mnode[0m[2m:[0m Node 1 received vote request from 4 for term 10
[2m2025-10-30T12:07:17.731649Z[0m [32m INFO[0m [2mnode[0m[2m:[0m Node 1 received vote request from 4 for term 11
[2m2025-10-30T12:07:20.113320Z[0m [32m INFO[0m [2mnode[0m[2m:[0m Node 1 election timeout after 2.347051166s, starting election
[2m2025-10-30T12:07:20.113434Z[0m [32m INFO[0m [2mnode[0m[2m:[0m Node 1 starting election for term 12
[2m2025-10-30T12:07:20.120441Z[0m [32m INFO[0m [2mnode[0m[2m:[0m Node 1 received vote reply from 2 (granted: true)
[2m2025-10-30T12:07:20.120565Z[0m [32m INFO[0m [2mnode[0m[2m:[0m Node 1: term 12 has 2 granted votes out of 3
[2m2025-10-30T12:07:20.207953Z[0m [32m INFO[0m [2mnode[0m[2m:[0m Node 1 received vote reply from 3 (granted: true)
[2m2025-10-30T12:07:20.216009Z[0m [32m INFO[0m [2mnode[0m[2m:[0m Node 1 became leader for term 12
[2m2025-10-30T12:07:20.216495Z[0m [32m INFO[0m [2mnode[0m[2m:[0m Node 1 received AppendReply from 3 (success: true)
[2m2025-10-30T12:07:20.216543Z[0m [32m INFO[0m [2mnode[0m[2m:[0m Node 1 updated indices for 3 to 0
[2m2025-10-30T12:07:20.216594Z[0m [32m INFO[0m [2mnode[0m[2m:[0m Node 1 received AppendReply from 2 (success: true)
[2m2025-10-30T12:07:20.216627Z[0m [32m INFO[0m [2mnode[0m[2m:[0m Node 1 updated indices for 2 to 0
[2m2025-10-30T12:07:20.400956Z[0m [32m INFO[0m [2mnode[0m[2m:[0m Node 1 received AppendReply from 2 (success: true)
[2m2025-10-30T12:07:20.401006Z[0m [32m INFO[0m [2mnode[0m[2m:[0m Node 1 updated indices for 2 to 0
[2m2025-10-30T12:07:20.401003Z[0m [32m INFO[0m [2mnode[0m[2m:[0m Node 1 received AppendReply from 3 (success: true)
[2m2025-10-30T12:07:20.401041Z[0m [32m INFO[0m [2mnode[0m[2m:[0m Node 1 updated indices for 3 to 0
[2m2025-10-30T12:07:20.794974Z[0m [32m INFO[0m [2mnode[0m[2m:[0m Node 1 received vote request from 4 for term 12
[2m2025-10-30T12:07:20.903493Z[0m [32m INFO[0m [2mnode[0m[2m:[0m Node 1 received AppendReply from 2 (success: true)
[2m2025-10-30T12:07:20.903541Z[0m [32m INFO[0m [2mnode[0m[2m:[0m Node 1 updated indices for 2 to 0
[2m2025-10-30T12:07:20.903588Z[0m [32m INFO[0m [2mnode[0m[2m:[0m Node 1 received AppendReply from 3 (success: true)
[2m2025-10-30T12:07:20.903612Z[0m [32m INFO[0m [2mnode[0m[2m:[0m Node 1 updated indices for 3 to 0
[2m2025-10-30T12:07:21.404690Z[0m [32m INFO[0m [2mnode[0m[2m:[0m Node 1 received AppendReply from 2 (success: true)
[2m2025-10-30T12:07:21.404732Z[0m [32m INFO[0m [2mnode[0m[2m:[0m Node 1 received AppendReply from 3 (success: true)
[2m2025-10-30T12:07:21.405494Z[0m [32m INFO[0m [2mnode[0m[2m:[0m Node 1 updated indices for 2 to 0
[2m2025-10-30T12:07:21.405573Z[0m [32m INFO[0m [2mnode[0m[2m:[0m Node 1 updated indices for 3 to 0
[2m2025-10-30T12:07:21.906731Z[0m [32m INFO[0m [2mnode[0m[2m:[0m Node 1 received AppendReply from 3 (success: true)
[2m2025-10-30T12:07:21.906872Z[0m [32m INFO[0m [2mnode[0m[2m:[0m Node 1 updated indices for 3 to 0
[2m2025-10-30T12:07:21.906753Z[0m [32m INFO[0m [2mnode[0m[2m:[0m Node 1 received AppendReply from 2 (success: true)
[2m2025-10-30T12:07:21.906964Z[0m [32m INFO[0m [2mnode[0m[2m:[0m Node 1 updated indices for 2 to 0
[2m2025-10-30T12:07:22.408666Z[0m [32m INFO[0m [2mnode[0m[2m:[0m Node 1 received AppendReply from 2 (success: true)
[2m2025-10-30T12:07:22.408666Z[0m [32m INFO[0m [2mnode[0m[2m:[0m Node 1 received AppendReply from 3 (success: true)
[2m2025-10-30T12:07:22.408750Z[0m [32m INFO[0m [2mnode[0m[2m:[0m Node 1 updated indices for 2 to 0
[2m2025-10-30T12:07:22.408770Z[0m [32m INFO[0m [2mnode[0m[2m:[0m Node 1 updated indices for 3 to 0
[2m2025-10-30T12:07:22.911435Z[0m [32m INFO[0m [2mnode[0m[2m:[0m Node 1 received AppendReply from 3 (success: true)
[2m2025-10-30T12:07:22.911435Z[0m [32m INFO[0m [2mnode[0m[2m:[0m Node 1 received AppendReply from 2 (success: true)
[2m2025-10-30T12:07:22.911562Z[0m [32m INFO[0m [2mnode[0m[2m:[0m Node 1 updated indices for 3 to 0
[2m2025-10-30T12:07:22.911602Z[0m [32m INFO[0m [2mnode[0m[2m:[0m Node 1 updated indices for 2 to 0
[2m2025-10-30T12:07:23.413487Z[0m [32m INFO[0m [2mnode[0m[2m:[0m Node 1 received AppendReply from 3 (success: true)
[2m2025-10-30T12:07:23.413614Z[0m [32m INFO[0m [2mnode[0m[2m:[0m Node 1 updated indices for 3 to 0
[2m2025-10-30T12:07:23.413487Z[0m [32m INFO[0m [2mnode[0m[2m:[0m Node 1 received AppendReply from 2 (success: true)
[2m2025-10-30T12:07:23.413660Z[0m [32m INFO[0m [2mnode[0m[2m:[0m Node 1 updated indices for 2 to 0
[2m2025-10-30T12:07:23.446595Z[0m [32m INFO[0m [2mnode[0m[2m:[0m Node 1 received vote request from 4 for term 13
[2m2025-10-30T12:07:25.725982Z[0m [32m INFO[0m [2mnode[0m[2m:[0m Node 1 received vote request from 2 for term 14
[2m2025-10-30T12:07:25.828747Z[0m [32m INFO[0m [2mnode[0m[2m:[0m Node 1 received AppendEntries from 2 (term 14, 0 entries)
[2m2025-10-30T12:07:26.066818Z[0m [32m INFO[0m [2mnode[0m[2m:[0m Node 1 received AppendEntries from 2 (term 14, 0 entries)
[2m2025-10-30T12:07:26.200736Z[0m [32m INFO[0m [2mnode[0m[2m:[0m Node 1 received vote request from 4 for term 14
[2m2025-10-30T12:07:26.569029Z[0m [32m INFO[0m [2mnode[0m[2m:[0m Node 1 received AppendEntries from 2 (term 14, 0 entries)
[2m2025-10-30T12:07:27.071205Z[0m [32m INFO[0m [2mnode[0m[2m:[0m Node 1 received AppendEntries from 2 (term 14, 0 entries)
[2m2025-10-30T12:07:27.573916Z[0m [32m INFO[0m [2mnode[0m[2m:[0m Node 1 received AppendEntries from 2 (term 14, 0 entries)
[2m2025-10-30T12:07:28.076169Z[0m [32m INFO[0m [2mnode[0m[2m:[0m Node 1 received AppendEntries from 2 (term 14, 0 entries)
[2m2025-10-30T12:07:28.577945Z[0m [32m INFO[0m [2mnode[0m[2m:[0m Node 1 received AppendEntries from 2 (term 14, 0 entries)
[2m2025-10-30T12:07:28.752555Z[0m [32m INFO[0m [2mnode[0m[2m:[0m Node 1 received vote request from 4 for term 15
[2m2025-10-30T12:07:31.018318Z[0m [32m INFO[0m [2mnode[0m[2m:[0m Node 1 received vote request from 3 for term 16
[2m2025-10-30T12:07:31.119499Z[0m [32m INFO[0m [2mnode[0m[2m:[0m Node 1 received AppendEntries from 3 (term 16, 0 entries)
[2m2025-10-30T12:07:31.338432Z[0m [32m INFO[0m [2mnode[0m[2m:[0m Node 1 received AppendEntries from 3 (term 16, 0 entries)
[2m2025-10-30T12:07:31.711173Z[0m [32m INFO[0m [2mnode[0m[2m:[0m Node 1 received vote request from 4 for term 16
[2m2025-10-30T12:07:31.840333Z[0m [32m INFO[0m [2mnode[0m[2m:[0m Node 1 received AppendEntries from 3 (term 16, 0 entries)
[2m2025-10-30T12:07:32.342671Z[0m [32m INFO[0m [2mnode[0m[2m:[0m Node 1 received AppendEntries from 3 (term 16, 0 entries)
[2m2025-10-30T12:07:32.844953Z[0m [32m INFO[0m [2mnode[0m[2m:[0m Node 1 received AppendEntries from 3 (term 16, 0 entries)
[2m2025-10-30T12:07:33.346819Z[0m [32m INFO[0m [2mnode[0m[2m:[0m Node 1 received AppendEntries from 3 (term 16, 0 entries)
[2m2025-10-30T12:07:33.848744Z[0m [32m INFO[0m [2mnode[0m[2m:[0m Node 1 received AppendEntries from 3 (term 16, 0 entries)
[2m2025-10-30T12:07:34.057834Z[0m [32m INFO[0m [2mnode[0m[2m:[0m Node 1 received vote request from 4 for term 17
[2m2025-10-30T12:07:36.677677Z[0m [32m INFO[0m [2mnode[0m[2m:[0m Node 1 election timeout after 2.546169208s, starting election
[2m2025-10-30T12:07:36.677792Z[0m [32m INFO[0m [2mnode[0m[2m:[0m Node 1 starting election for term 18
[2m2025-10-30T12:07:36.695965Z[0m [32m INFO[0m [2mnode[0m[2m:[0m Node 1 received vote reply from 2 (granted: true)
[2m2025-10-30T12:07:36.696072Z[0m [32m INFO[0m [2mnode[0m[2m:[0m Node 1: term 18 has 2 granted votes out of 3
[2m2025-10-30T12:07:36.780344Z[0m [32m INFO[0m [2mnode[0m[2m:[0m Node 1 became leader for term 18
[2m2025-10-30T12:07:36.780350Z[0m [32m INFO[0m [2mnode[0m[2m:[0m Node 1 received vote reply from 3 (granted: true)
[2m2025-10-30T12:07:36.780694Z[0m [32m INFO[0m [2mnode[0m[2m:[0m Node 1 received AppendReply from 3 (success: true)
[2m2025-10-30T12:07:36.780730Z[0m [32m INFO[0m [2mnode[0m[2m:[0m Node 1 updated indices for 3 to 0
[2m2025-10-30T12:07:36.780779Z[0m [32m INFO[0m [2mnode[0m[2m:[0m Node 1 received AppendReply from 2 (success: true)
[2m2025-10-30T12:07:36.780802Z[0m [32m INFO[0m [2mnode[0m[2m:[0m Node 1 updated indices for 2 to 0
[2m2025-10-30T12:07:36.915636Z[0m [32m INFO[0m [2mnode[0m[2m:[0m Node 1 received vote request from 4 for term 18
[2m2025-10-30T12:07:36.964473Z[0m [32m INFO[0m [2mnode[0m[2m:[0m Node 1 received AppendReply from 2 (success: true)
[2m2025-10-30T12:07:36.964473Z[0m [32m INFO[0m [2mnode[0m[2m:[0m Node 1 received AppendReply from 3 (success: true)
[2m2025-10-30T12:07:36.964528Z[0m [32m INFO[0m [2mnode[0m[2m:[0m Node 1 updated indices for 2 to 0
[2m2025-10-30T12:07:36.964536Z[0m [32m INFO[0m [2mnode[0m[2m:[0m Node 1 updated indices for 3 to 0
[2m2025-10-30T12:07:37.466774Z[0m [32m INFO[0m [2mnode[0m[2m:[0m Node 1 received AppendReply from 3 (success: true)
[2m2025-10-30T12:07:37.466774Z[0m [32m INFO[0m [2mnode[0m[2m:[0m Node 1 received AppendReply from 2 (success: true)
[2m2025-10-30T12:07:37.466856Z[0m [32m INFO[0m [2mnode[0m[2m:[0m Node 1 updated indices for 3 to 0
[2m2025-10-30T12:07:37.466888Z[0m [32m INFO[0m [2mnode[0m[2m:[0m Node 1 updated indices for 2 to 0
[2m2025-10-30T12:07:37.969349Z[0m [32m INFO[0m [2mnode[0m[2m:[0m Node 1 received AppendReply from 2 (success: true)
[2m2025-10-30T12:07:37.969349Z[0m [32m INFO[0m [2mnode[0m[2m:[0m Node 1 received AppendReply from 3 (success: true)
[2m2025-10-30T12:07:37.969481Z[0m [32m INFO[0m [2mnode[0m[2m:[0m Node 1 updated indices for 2 to 0
[2m2025-10-30T12:07:37.969546Z[0m [32m INFO[0m [2mnode[0m[2m:[0m Node 1 updated indices for 3 to 0
[2m2025-10-30T12:07:38.471626Z[0m [32m INFO[0m [2mnode[0m[2m:[0m Node 1 received AppendReply from 2 (success: true)
[2m2025-10-30T12:07:38.471626Z[0m [32m INFO[0m [2mnode[0m[2m:[0m Node 1 received AppendReply from 3 (success: true)
[2m2025-10-30T12:07:38.471755Z[0m [32m INFO[0m [2mnode[0m[2m:[0m Node 1 updated indices for 2 to 0
[2m2025-10-30T12:07:38.471814Z[0m [32m INFO[0m [2mnode[0m[2m:[0m Node 1 updated indices for 3 to 0
[2m2025-10-30T12:07:38.973780Z[0m [32m INFO[0m [2mnode[0m[2m:[0m Node 1 received AppendReply from 3 (success: true)
[2m2025-10-30T12:07:38.973878Z[0m [32m INFO[0m [2mnode[0m[2m:[0m Node 1 updated indices for 3 to 0
[2m2025-10-30T12:07:38.974003Z[0m [32m INFO[0m [2mnode[0m[2m:[0m Node 1 received AppendReply from 2 (success: true)
[2m2025-10-30T12:07:38.974053Z[0m [32m INFO[0m [2mnode[0m[2m:[0m Node 1 updated indices for 2 to 0
[2m2025-10-30T12:07:39.475956Z[0m [32m INFO[0m [2mnode[0m[2m:[0m Node 1 received AppendReply from 3 (success: true)
[2m2025-10-30T12:07:39.475956Z[0m [32m INFO[0m [2mnode[0m[2m:[0m Node 1 received AppendReply from 2 (success: true)
[2m2025-10-30T12:07:39.475996Z[0m [32m INFO[0m [2mnode[0m[2m:[0m Node 1 updated indices for 3 to 0
[2m2025-10-30T12:07:39.476011Z[0m [32m INFO[0m [2mnode[0m[2m:[0m Node 1 updated indices for 2 to 0
[2m2025-10-30T12:07:39.567308Z[0m [32m INFO[0m [2mnode[0m[2m:[0m Node 1 received vote request from 4 for term 19
[2m2025-10-30T12:07:42.017724Z[0m [32m INFO[0m [2mnode[0m[2m:[0m Node 1 received vote request from 4 for term 20
eceived AppendReply from 3 (success: true)
[2m2025-10-30T12:07:38.973878Z[0m [32m INFO[0m [2mnode[0m[2m:[0m Node 1 updated indices for 3 to 0
[2m2025-10-30T12:07:38.974003Z[0m [32m INFO[0m [2mnode[0m[2m:[0m Node 1 received AppendReply from 2 (success: true)
[2m2025-10-30T12:07:38.974053Z[0m [32m INFO[0m [2mnode[0m[2m:[0m Node 1 updated indices for 2 to 0
[2m2025-10-30T12:07:39.475956Z[0m [32m INFO[0m [2mnode[0m[2m:[0m Node 1 received AppendReply from 3 (success: true)
[2m2025-10-30T12:07:39.475956Z[0m [32m INFO[0m [2mnode[0m[2m:[0m Node 1 received AppendReply from 2 (success: true)
[2m2025-10-30T12:07:39.475996Z[0m [32m INFO[0m [2mnode[0m[2m:[0m Node 1 updated indices for 3 to 0
[2m2025-10-30T12:07:39.476011Z[0m [32m INFO[0m [2mnode[0m[2m:[0m Node 1 updated indices for 2 to 0
[2m2025-10-30T12:07:39.567308Z[0m [32m INFO[0m [2mnode[0m[2m:[0m Node 1 received vote request from 4 for term 19
[2m2025-10-30T12:07:42.017724Z[0m [32m INFO[0m [2mnode[0m[2m:[0m Node 1 received vote request from 4 for term 20
