warning: unused import: `self`
  --> src/bin/node.rs:13:17
   |
13 | use tokio::io::{self, AsyncBufReadExt, AsyncWriteExt, BufReader};
   |                 ^^^^
   |
   = note: `#[warn(unused_imports)]` on by default

warning: `cloud_p2p_raft` (bin "node") generated 1 warning (run `cargo fix --bin "node"` to apply 1 suggestion)
    Finished `dev` profile [unoptimized + debuginfo] target(s) in 0.28s
     Running `target/debug/node --id 2 --addr '127.0.0.1:7002' --peers '1=127.0.0.1:7001,3=127.0.0.1:7003'`
[2m2025-10-29T23:38:18.175992Z[0m [32m INFO[0m [2mnode[0m[2m:[0m Node 2 listening on 127.0.0.1:7002
[2m2025-10-29T23:38:18.176257Z[0m [32m INFO[0m [2mnode[0m[2m:[0m Node 2 attempting to connect to peer 3 at 127.0.0.1:7003
[2m2025-10-29T23:38:18.176263Z[0m [32m INFO[0m [2mnode[0m[2m:[0m Node 2 attempting to connect to peer 1 at 127.0.0.1:7001
[2m2025-10-29T23:38:18.176396Z[0m [32m INFO[0m [2mnode[0m[2m:[0m ðŸŒ Node 2 client API listening on 127.0.0.1:9002
[2m2025-10-29T23:38:18.176546Z[0m [32m INFO[0m [2mnode[0m[2m:[0m Node 2 connected to peer 3 at 127.0.0.1:7003
[2m2025-10-29T23:38:18.176568Z[0m [32m INFO[0m [2mnode[0m[2m:[0m Node 2 connected to peer 1 at 127.0.0.1:7001
[2m2025-10-29T23:38:20.311272Z[0m [32m INFO[0m [2mnode[0m[2m:[0m Node 2 election timeout after 2.135352715s, starting election
[2m2025-10-29T23:38:20.311372Z[0m [32m INFO[0m [2mnode[0m[2m:[0m Node 2 starting election for term 1
[2m2025-10-29T23:38:20.312861Z[0m [32m INFO[0m [2mnode[0m[2m:[0m Node 2 accepted connection from 127.0.0.1:60420
[2m2025-10-29T23:38:22.484078Z[0m [32m INFO[0m [2mnode[0m[2m:[0m Node 2 accepted connection from 127.0.0.1:60422
[2m2025-10-29T23:38:22.543049Z[0m [32m INFO[0m [2mnode[0m[2m:[0m Node 2 election timeout after 2.231662533s, starting election
[2m2025-10-29T23:38:22.543101Z[0m [32m INFO[0m [2mnode[0m[2m:[0m Node 2 starting election for term 2
[2m2025-10-29T23:38:22.543724Z[0m [32m INFO[0m [2mnode[0m[2m:[0m Node 2 received vote reply from 3 (granted: false)
[2m2025-10-29T23:38:22.543724Z[0m [32m INFO[0m [2mnode[0m[2m:[0m Node 2 received vote reply from 1 (granted: false)
[2m2025-10-29T23:38:22.644887Z[0m [32m INFO[0m [2mnode[0m[2m:[0m Node 2 received AppendEntries from 1 (term 6, 0 entries)
[2m2025-10-29T23:38:23.087846Z[0m [32m INFO[0m [2mnode[0m[2m:[0m Node 2 received AppendEntries from 1 (term 6, 0 entries)
[2m2025-10-29T23:38:23.589709Z[0m [32m INFO[0m [2mnode[0m[2m:[0m Node 2 received AppendEntries from 1 (term 6, 0 entries)
[2m2025-10-29T23:38:24.092338Z[0m [32m INFO[0m [2mnode[0m[2m:[0m Node 2 received AppendEntries from 1 (term 6, 0 entries)
[2m2025-10-29T23:38:24.593055Z[0m [32m INFO[0m [2mnode[0m[2m:[0m Node 2 received AppendEntries from 1 (term 6, 0 entries)
[2m2025-10-29T23:38:25.094783Z[0m [32m INFO[0m [2mnode[0m[2m:[0m Node 2 received AppendEntries from 1 (term 6, 0 entries)
[2m2025-10-29T23:38:25.596857Z[0m [32m INFO[0m [2mnode[0m[2m:[0m Node 2 received AppendEntries from 1 (term 6, 0 entries)
[2m2025-10-29T23:38:26.099054Z[0m [32m INFO[0m [2mnode[0m[2m:[0m Node 2 received AppendEntries from 1 (term 6, 0 entries)
[2m2025-10-29T23:38:26.601135Z[0m [32m INFO[0m [2mnode[0m[2m:[0m Node 2 received AppendEntries from 1 (term 6, 0 entries)
[2m2025-10-29T23:38:27.101937Z[0m [32m INFO[0m [2mnode[0m[2m:[0m Node 2 received AppendEntries from 1 (term 6, 0 entries)
[2m2025-10-29T23:38:27.603629Z[0m [32m INFO[0m [2mnode[0m[2m:[0m Node 2 received AppendEntries from 1 (term 6, 0 entries)
[2m2025-10-29T23:38:28.104974Z[0m [32m INFO[0m [2mnode[0m[2m:[0m Node 2 received AppendEntries from 1 (term 6, 0 entries)
[2m2025-10-29T23:38:28.607086Z[0m [32m INFO[0m [2mnode[0m[2m:[0m Node 2 received AppendEntries from 1 (term 6, 0 entries)
[2m2025-10-29T23:38:29.108466Z[0m [32m INFO[0m [2mnode[0m[2m:[0m Node 2 received AppendEntries from 1 (term 6, 0 entries)
[2m2025-10-29T23:38:29.609595Z[0m [32m INFO[0m [2mnode[0m[2m:[0m Node 2 received AppendEntries from 1 (term 6, 0 entries)
[2m2025-10-29T23:38:30.110739Z[0m [32m INFO[0m [2mnode[0m[2m:[0m Node 2 received AppendEntries from 1 (term 6, 0 entries)
[2m2025-10-29T23:38:30.613124Z[0m [32m INFO[0m [2mnode[0m[2m:[0m Node 2 received AppendEntries from 1 (term 6, 0 entries)
[2m2025-10-29T23:38:31.114963Z[0m [32m INFO[0m [2mnode[0m[2m:[0m Node 2 received AppendEntries from 1 (term 6, 0 entries)
[2m2025-10-29T23:38:31.617215Z[0m [32m INFO[0m [2mnode[0m[2m:[0m Node 2 received AppendEntries from 1 (term 6, 0 entries)
[2m2025-10-29T23:38:31.824154Z[0m [32m INFO[0m [2mnode[0m[2m:[0m Node 2 accepted connection from 127.0.0.1:60426
[2m2025-10-29T23:38:34.197788Z[0m [32m INFO[0m [2mnode[0m[2m:[0m Node 2 received vote request from 3 for term 7
[2m2025-10-29T23:38:34.299174Z[0m [32m INFO[0m [2mnode[0m[2m:[0m Node 2 received AppendEntries from 3 (term 7, 0 entries)
[2m2025-10-29T23:38:34.676891Z[0m [32m INFO[0m [2mnode[0m[2m:[0m Node 2 received AppendEntries from 3 (term 7, 0 entries)
[2m2025-10-29T23:38:35.179457Z[0m [32m INFO[0m [2mnode[0m[2m:[0m Node 2 received AppendEntries from 3 (term 7, 0 entries)
[2m2025-10-29T23:38:35.442494Z[0m [32m INFO[0m [2mnode[0m[2m:[0m ðŸ“¡ Node 2 accepted client connection from 127.0.0.1:60432
[2m2025-10-29T23:38:35.681602Z[0m [32m INFO[0m [2mnode[0m[2m:[0m Node 2 received AppendEntries from 3 (term 7, 0 entries)
[2m2025-10-29T23:38:36.183148Z[0m [32m INFO[0m [2mnode[0m[2m:[0m Node 2 received AppendEntries from 3 (term 7, 0 entries)
[2m2025-10-29T23:38:36.684341Z[0m [32m INFO[0m [2mnode[0m[2m:[0m Node 2 received AppendEntries from 3 (term 7, 0 entries)
[2m2025-10-29T23:38:37.185807Z[0m [32m INFO[0m [2mnode[0m[2m:[0m Node 2 received AppendEntries from 3 (term 7, 0 entries)
[2m2025-10-29T23:38:37.261662Z[0m [32m INFO[0m [2mnode[0m[2m:[0m ðŸ“¡ Node 2 accepted client connection from 127.0.0.1:60436
[2m2025-10-29T23:38:37.687604Z[0m [32m INFO[0m [2mnode[0m[2m:[0m Node 2 received AppendEntries from 3 (term 7, 0 entries)
[2m2025-10-29T23:38:38.189664Z[0m [32m INFO[0m [2mnode[0m[2m:[0m Node 2 received AppendEntries from 3 (term 7, 0 entries)
[2m2025-10-29T23:38:38.691249Z[0m [32m INFO[0m [2mnode[0m[2m:[0m Node 2 received AppendEntries from 3 (term 7, 0 entries)
[2m2025-10-29T23:38:39.192873Z[0m [32m INFO[0m [2mnode[0m[2m:[0m Node 2 received AppendEntries from 3 (term 7, 0 entries)
[2m2025-10-29T23:38:39.694678Z[0m [32m INFO[0m [2mnode[0m[2m:[0m Node 2 received AppendEntries from 3 (term 7, 0 entries)
[2m2025-10-29T23:38:40.196227Z[0m [32m INFO[0m [2mnode[0m[2m:[0m Node 2 received AppendEntries from 3 (term 7, 0 entries)
[2m2025-10-29T23:38:40.697481Z[0m [32m INFO[0m [2mnode[0m[2m:[0m Node 2 received AppendEntries from 3 (term 7, 0 entries)
[2m2025-10-29T23:38:41.199567Z[0m [32m INFO[0m [2mnode[0m[2m:[0m Node 2 received AppendEntries from 3 (term 7, 0 entries)
[2m2025-10-29T23:38:41.701033Z[0m [32m INFO[0m [2mnode[0m[2m:[0m Node 2 received AppendEntries from 3 (term 7, 0 entries)
[2m2025-10-29T23:38:42.202648Z[0m [32m INFO[0m [2mnode[0m[2m:[0m Node 2 received AppendEntries from 3 (term 7, 0 entries)
[2m2025-10-29T23:38:42.704077Z[0m [32m INFO[0m [2mnode[0m[2m:[0m Node 2 received AppendEntries from 3 (term 7, 0 entries)
[2m2025-10-29T23:38:43.206609Z[0m [32m INFO[0m [2mnode[0m[2m:[0m Node 2 received AppendEntries from 3 (term 7, 0 entries)
[2m2025-10-29T23:38:43.707432Z[0m [32m INFO[0m [2mnode[0m[2m:[0m Node 2 received AppendEntries from 3 (term 7, 0 entries)
[2m2025-10-29T23:38:44.209074Z[0m [32m INFO[0m [2mnode[0m[2m:[0m Node 2 received AppendEntries from 3 (term 7, 0 entries)
[2m2025-10-29T23:38:44.710771Z[0m [32m INFO[0m [2mnode[0m[2m:[0m Node 2 received AppendEntries from 3 (term 7, 0 entries)
[2m2025-10-29T23:38:45.212743Z[0m [32m INFO[0m [2mnode[0m[2m:[0m Node 2 received AppendEntries from 3 (term 7, 0 entries)
[2m2025-10-29T23:38:45.714528Z[0m [32m INFO[0m [2mnode[0m[2m:[0m Node 2 received AppendEntries from 3 (term 7, 0 entries)
[2m2025-10-29T23:38:46.216165Z[0m [32m INFO[0m [2mnode[0m[2m:[0m Node 2 received AppendEntries from 3 (term 7, 0 entries)
[2m2025-10-29T23:38:46.717754Z[0m [32m INFO[0m [2mnode[0m[2m:[0m Node 2 received AppendEntries from 3 (term 7, 0 entries)
[2m2025-10-29T23:38:47.219131Z[0m [32m INFO[0m [2mnode[0m[2m:[0m Node 2 received AppendEntries from 3 (term 7, 0 entries)
[2m2025-10-29T23:38:47.720402Z[0m [32m INFO[0m [2mnode[0m[2m:[0m Node 2 received AppendEntries from 3 (term 7, 0 entries)
[2m2025-10-29T23:38:48.221910Z[0m [32m INFO[0m [2mnode[0m[2m:[0m Node 2 received AppendEntries from 3 (term 7, 0 entries)
[2m2025-10-29T23:38:48.763621Z[0m [32m INFO[0m [2mnode[0m[2m:[0m Node 2 received AppendEntries from 3 (term 7, 0 entries)
[2m2025-10-29T23:38:49.264226Z[0m [32m INFO[0m [2mnode[0m[2m:[0m Node 2 received AppendEntries from 3 (term 7, 0 entries)
[2m2025-10-29T23:38:49.765993Z[0m [32m INFO[0m [2mnode[0m[2m:[0m Node 2 received AppendEntries from 3 (term 7, 0 entries)
[2m2025-10-29T23:38:50.267905Z[0m [32m INFO[0m [2mnode[0m[2m:[0m Node 2 received AppendEntries from 3 (term 7, 0 entries)
[2m2025-10-29T23:38:50.771027Z[0m [32m INFO[0m [2mnode[0m[2m:[0m Node 2 received AppendEntries from 3 (term 7, 0 entries)
[2m2025-10-29T23:38:50.904490Z[0m [32m INFO[0m [2mnode[0m[2m:[0m ðŸ“¡ Node 2 accepted client connection from 127.0.0.1:60445
[2m2025-10-29T23:38:51.272336Z[0m [32m INFO[0m [2mnode[0m[2m:[0m Node 2 received AppendEntries from 3 (term 7, 0 entries)
[2m2025-10-29T23:38:51.773656Z[0m [32m INFO[0m [2mnode[0m[2m:[0m Node 2 received AppendEntries from 3 (term 7, 0 entries)
[2m2025-10-29T23:38:52.274208Z[0m [32m INFO[0m [2mnode[0m[2m:[0m Node 2 received AppendEntries from 3 (term 7, 0 entries)
[2m2025-10-29T23:38:52.776110Z[0m [32m INFO[0m [2mnode[0m[2m:[0m Node 2 received AppendEntries from 3 (term 7, 0 entries)
[2m2025-10-29T23:38:53.277506Z[0m [32m INFO[0m [2mnode[0m[2m:[0m Node 2 received AppendEntries from 3 (term 7, 0 entries)
[2m2025-10-29T23:38:53.779285Z[0m [32m INFO[0m [2mnode[0m[2m:[0m Node 2 received AppendEntries from 3 (term 7, 0 entries)
[2m2025-10-29T23:38:54.280590Z[0m [32m INFO[0m [2mnode[0m[2m:[0m Node 2 received AppendEntries from 3 (term 7, 0 entries)
[2m2025-10-29T23:38:56.667195Z[0m [32m INFO[0m [2mnode[0m[2m:[0m Node 2 election timeout after 2.386533978s, starting election
[2m2025-10-29T23:38:56.667235Z[0m [32m INFO[0m [2mnode[0m[2m:[0m Node 2 starting election for term 8
[2m2025-10-29T23:38:58.017122Z[0m [32m INFO[0m [2mnode[0m[2m:[0m ðŸ“¡ Node 2 accepted client connection from 127.0.0.1:60449
[2m2025-10-29T23:38:59.206156Z[0m [32m INFO[0m [2mnode[0m[2m:[0m Node 2 election timeout after 2.53888966s, starting election
[2m2025-10-29T23:38:59.206229Z[0m [32m INFO[0m [2mnode[0m[2m:[0m Node 2 starting election for term 9
[2m2025-10-29T23:38:59.206628Z[0m [31mERROR[0m [2mnode[0m[2m:[0m Outbound connection 2 -> 3 failed: Broken pipe (os error 32)
[2m2025-10-29T23:38:59.206633Z[0m [31mERROR[0m [2mnode[0m[2m:[0m Outbound connection 2 -> 1 failed: Broken pipe (os error 32)
[2m2025-10-29T23:38:59.206762Z[0m [32m INFO[0m [2mnode[0m[2m:[0m Node 2 attempting to connect to peer 3 at 127.0.0.1:7003
[2m2025-10-29T23:38:59.206815Z[0m [32m INFO[0m [2mnode[0m[2m:[0m Node 2 attempting to connect to peer 1 at 127.0.0.1:7001
[2m2025-10-29T23:38:59.207262Z[0m [31mERROR[0m [2mnode[0m[2m:[0m Connect to peer 3 at 127.0.0.1:7003 failed: Connection refused (os error 61). Retrying in 1s...
[2m2025-10-29T23:38:59.207276Z[0m [31mERROR[0m [2mnode[0m[2m:[0m Connect to peer 1 at 127.0.0.1:7001 failed: Connection refused (os error 61). Retrying in 1s...
[2m2025-10-29T23:38:59.562620Z[0m [32m INFO[0m [2mnode[0m[2m:[0m ðŸ“¡ Node 2 accepted client connection from 127.0.0.1:60454
[2m2025-10-29T23:39:00.208951Z[0m [32m INFO[0m [2mnode[0m[2m:[0m Node 2 attempting to connect to peer 1 at 127.0.0.1:7001
[2m2025-10-29T23:39:00.209043Z[0m [32m INFO[0m [2mnode[0m[2m:[0m Node 2 attempting to connect to peer 3 at 127.0.0.1:7003
[2m2025-10-29T23:39:00.209366Z[0m [31mERROR[0m [2mnode[0m[2m:[0m Connect to peer 1 at 127.0.0.1:7001 failed: Connection refused (os error 61). Retrying in 2s...
[2m2025-10-29T23:39:00.209544Z[0m [31mERROR[0m [2mnode[0m[2m:[0m Connect to peer 3 at 127.0.0.1:7003 failed: Connection refused (os error 61). Retrying in 2s...
[2m2025-10-29T23:39:01.052780Z[0m [32m INFO[0m [2mnode[0m[2m:[0m ðŸ“¡ Node 2 accepted client connection from 127.0.0.1:60459
[2m2025-10-29T23:39:02.210552Z[0m [32m INFO[0m [2mnode[0m[2m:[0m Node 2 attempting to connect to peer 1 at 127.0.0.1:7001
[2m2025-10-29T23:39:02.210761Z[0m [32m INFO[0m [2mnode[0m[2m:[0m Node 2 attempting to connect to peer 3 at 127.0.0.1:7003
[2m2025-10-29T23:39:02.210876Z[0m [31mERROR[0m [2mnode[0m[2m:[0m Connect to peer 1 at 127.0.0.1:7001 failed: Connection refused (os error 61). Retrying in 4s...
[2m2025-10-29T23:39:02.210903Z[0m [31mERROR[0m [2mnode[0m[2m:[0m Connect to peer 3 at 127.0.0.1:7003 failed: Connection refused (os error 61). Retrying in 4s...
[2m2025-10-29T23:39:02.262425Z[0m [32m INFO[0m [2mnode[0m[2m:[0m Node 2 election timeout after 3.056171583s, starting election
[2m2025-10-29T23:39:02.262465Z[0m [32m INFO[0m [2mnode[0m[2m:[0m Node 2 starting election for term 10
[2m2025-10-29T23:39:03.193894Z[0m [32m INFO[0m [2mnode[0m[2m:[0m Node 2 detected missing connection to 1, retrying...
[2m2025-10-29T23:39:03.193941Z[0m [32m INFO[0m [2mnode[0m[2m:[0m Node 2 detected missing connection to 3, retrying...
[2m2025-10-29T23:39:04.698984Z[0m [32m INFO[0m [2mnode[0m[2m:[0m Node 2 election timeout after 2.436494227s, starting election
[2m2025-10-29T23:39:04.699021Z[0m [32m INFO[0m [2mnode[0m[2m:[0m Node 2 starting election for term 11
[2m2025-10-29T23:39:05.120474Z[0m [32m INFO[0m [2mnode[0m[2m:[0m Node 2 accepted connection from 127.0.0.1:60466
[2m2025-10-29T23:39:06.212748Z[0m [32m INFO[0m [2mnode[0m[2m:[0m Node 2 attempting to connect to peer 3 at 127.0.0.1:7003
[2m2025-10-29T23:39:06.212805Z[0m [32m INFO[0m [2mnode[0m[2m:[0m Node 2 attempting to connect to peer 1 at 127.0.0.1:7001
[2m2025-10-29T23:39:06.213122Z[0m [32m INFO[0m [2mnode[0m[2m:[0m Node 2 connected to peer 1 at 127.0.0.1:7001
[2m2025-10-29T23:39:06.213196Z[0m [31mERROR[0m [2mnode[0m[2m:[0m Connect to peer 3 at 127.0.0.1:7003 failed: Connection refused (os error 61). Retrying in 8s...
[2m2025-10-29T23:39:07.442526Z[0m [32m INFO[0m [2mnode[0m[2m:[0m Node 2 election timeout after 2.743479403s, starting election
[2m2025-10-29T23:39:07.442586Z[0m [32m INFO[0m [2mnode[0m[2m:[0m Node 2 starting election for term 12
[2m2025-10-29T23:39:07.455340Z[0m [32m INFO[0m [2mnode[0m[2m:[0m Node 2 received vote reply from 1 (granted: true)
[2m2025-10-29T23:39:07.455396Z[0m [32m INFO[0m [2mnode[0m[2m:[0m Node 2: term 12 has 2 granted votes out of 3
[2m2025-10-29T23:39:07.544775Z[0m [32m INFO[0m [2mnode[0m[2m:[0m Node 2 became leader for term 12
[2m2025-10-29T23:39:07.545203Z[0m [32m INFO[0m [2mnode[0m[2m:[0m Node 2 received AppendReply from 1 (success: true)
[2m2025-10-29T23:39:07.545239Z[0m [32m INFO[0m [2mnode[0m[2m:[0m Node 2 updated indices for 1 to 0
[2m2025-10-29T23:39:07.856473Z[0m [32m INFO[0m [2mnode[0m[2m:[0m Node 2 received AppendReply from 1 (success: true)
[2m2025-10-29T23:39:07.856517Z[0m [32m INFO[0m [2mnode[0m[2m:[0m Node 2 updated indices for 1 to 0
[2m2025-10-29T23:39:08.195528Z[0m [32m INFO[0m [2mnode[0m[2m:[0m Node 2 detected missing connection to 3, retrying...
[2m2025-10-29T23:39:08.302132Z[0m [32m INFO[0m [2mnode[0m[2m:[0m Node 2 accepted connection from 127.0.0.1:60474
[2m2025-10-29T23:39:08.358032Z[0m [32m INFO[0m [2mnode[0m[2m:[0m Node 2 received AppendReply from 1 (success: true)
[2m2025-10-29T23:39:08.358076Z[0m [32m INFO[0m [2mnode[0m[2m:[0m Node 2 updated indices for 1 to 0
[2m2025-10-29T23:39:08.859783Z[0m [32m INFO[0m [2mnode[0m[2m:[0m Node 2 received AppendReply from 1 (success: true)
[2m2025-10-29T23:39:08.859829Z[0m [32m INFO[0m [2mnode[0m[2m:[0m Node 2 updated indices for 1 to 0
[2m2025-10-29T23:39:09.361087Z[0m [32m INFO[0m [2mnode[0m[2m:[0m Node 2 received AppendReply from 1 (success: true)
[2m2025-10-29T23:39:09.361235Z[0m [32m INFO[0m [2mnode[0m[2m:[0m Node 2 updated indices for 1 to 0
[2m2025-10-29T23:39:09.862033Z[0m [32m INFO[0m [2mnode[0m[2m:[0m Node 2 received AppendReply from 1 (success: true)
[2m2025-10-29T23:39:09.862098Z[0m [32m INFO[0m [2mnode[0m[2m:[0m Node 2 updated indices for 1 to 0
[2m2025-10-29T23:39:10.363911Z[0m [32m INFO[0m [2mnode[0m[2m:[0m Node 2 received AppendReply from 1 (success: true)
[2m2025-10-29T23:39:10.364053Z[0m [32m INFO[0m [2mnode[0m[2m:[0m Node 2 updated indices for 1 to 0
[2m2025-10-29T23:39:10.864614Z[0m [32m INFO[0m [2mnode[0m[2m:[0m Node 2 received AppendReply from 1 (success: true)
[2m2025-10-29T23:39:10.864664Z[0m [32m INFO[0m [2mnode[0m[2m:[0m Node 2 updated indices for 1 to 0
[2m2025-10-29T23:39:11.354121Z[0m [32m INFO[0m [2mnode[0m[2m:[0m Node 2 received vote request from 3 for term 1
[2m2025-10-29T23:39:11.366330Z[0m [32m INFO[0m [2mnode[0m[2m:[0m Node 2 received AppendReply from 1 (success: true)
[2m2025-10-29T23:39:11.366403Z[0m [32m INFO[0m [2mnode[0m[2m:[0m Node 2 updated indices for 1 to 0
[2m2025-10-29T23:39:11.869271Z[0m [32m INFO[0m [2mnode[0m[2m:[0m Node 2 received AppendReply from 1 (success: true)
[2m2025-10-29T23:39:11.869378Z[0m [32m INFO[0m [2mnode[0m[2m:[0m Node 2 updated indices for 1 to 0
[2m2025-10-29T23:39:12.014894Z[0m [32m INFO[0m [2mnode[0m[2m:[0m ðŸ“¡ Node 2 accepted client connection from 127.0.0.1:60479
[2m2025-10-29T23:39:12.370690Z[0m [32m INFO[0m [2mnode[0m[2m:[0m Node 2 received AppendReply from 1 (success: true)
[2m2025-10-29T23:39:12.370785Z[0m [32m INFO[0m [2mnode[0m[2m:[0m Node 2 updated indices for 1 to 0
[2m2025-10-29T23:39:12.872512Z[0m [32m INFO[0m [2mnode[0m[2m:[0m Node 2 received AppendReply from 1 (success: true)
[2m2025-10-29T23:39:12.872577Z[0m [32m INFO[0m [2mnode[0m[2m:[0m Node 2 updated indices for 1 to 0
[2m2025-10-29T23:39:13.200151Z[0m [32m INFO[0m [2mnode[0m[2m:[0m Node 2 detected missing connection to 3, retrying...
[2m2025-10-29T23:39:13.200408Z[0m [32m INFO[0m [2mnode[0m[2m:[0m Node 2 reconnected to 3
[2m2025-10-29T23:39:13.373975Z[0m [32m INFO[0m [2mnode[0m[2m:[0m Node 2 received AppendReply from 1 (success: true)
[2m2025-10-29T23:39:13.374025Z[0m [32m INFO[0m [2mnode[0m[2m:[0m Node 2 updated indices for 1 to 0
[2m2025-10-29T23:39:13.374088Z[0m [32m INFO[0m [2mnode[0m[2m:[0m Node 2 received AppendReply from 3 (success: true)
[2m2025-10-29T23:39:13.374119Z[0m [32m INFO[0m [2mnode[0m[2m:[0m Node 2 updated indices for 3 to 0
[2m2025-10-29T23:39:13.876046Z[0m [32m INFO[0m [2mnode[0m[2m:[0m Node 2 received AppendReply from 3 (success: true)
[2m2025-10-29T23:39:13.876070Z[0m [32m INFO[0m [2mnode[0m[2m:[0m Node 2 received AppendReply from 1 (success: true)
[2m2025-10-29T23:39:13.876159Z[0m [32m INFO[0m [2mnode[0m[2m:[0m Node 2 updated indices for 3 to 0
[2m2025-10-29T23:39:13.876218Z[0m [32m INFO[0m [2mnode[0m[2m:[0m Node 2 updated indices for 1 to 0
[2m2025-10-29T23:39:14.214767Z[0m [32m INFO[0m [2mnode[0m[2m:[0m Node 2 attempting to connect to peer 3 at 127.0.0.1:7003
[2m2025-10-29T23:39:14.215076Z[0m [32m INFO[0m [2mnode[0m[2m:[0m Node 2 connected to peer 3 at 127.0.0.1:7003
[2m2025-10-29T23:39:14.250826Z[0m [32m INFO[0m [2mnode[0m[2m:[0m ðŸ“¡ Node 2 accepted client connection from 127.0.0.1:60484
[2m2025-10-29T23:39:14.378141Z[0m [32m INFO[0m [2mnode[0m[2m:[0m Node 2 received AppendReply from 1 (success: true)
[2m2025-10-29T23:39:14.378163Z[0m [32m INFO[0m [2mnode[0m[2m:[0m Node 2 received AppendReply from 3 (success: true)
[2m2025-10-29T23:39:14.378213Z[0m [32m INFO[0m [2mnode[0m[2m:[0m Node 2 updated indices for 1 to 0
[2m2025-10-29T23:39:14.378250Z[0m [32m INFO[0m [2mnode[0m[2m:[0m Node 2 updated indices for 3 to 0
[2m2025-10-29T23:39:14.879675Z[0m [32m INFO[0m [2mnode[0m[2m:[0m Node 2 received AppendReply from 3 (success: true)
[2m2025-10-29T23:39:14.879746Z[0m [32m INFO[0m [2mnode[0m[2m:[0m Node 2 updated indices for 3 to 0
[2m2025-10-29T23:39:14.879854Z[0m [32m INFO[0m [2mnode[0m[2m:[0m Node 2 received AppendReply from 1 (success: true)
[2m2025-10-29T23:39:14.879898Z[0m [32m INFO[0m [2mnode[0m[2m:[0m Node 2 updated indices for 1 to 0
[2m2025-10-29T23:39:15.381215Z[0m [32m INFO[0m [2mnode[0m[2m:[0m Node 2 received AppendReply from 1 (success: true)
[2m2025-10-29T23:39:15.381279Z[0m [32m INFO[0m [2mnode[0m[2m:[0m Node 2 updated indices for 1 to 0
[2m2025-10-29T23:39:15.381373Z[0m [32m INFO[0m [2mnode[0m[2m:[0m Node 2 received AppendReply from 3 (success: true)
[2m2025-10-29T23:39:15.381415Z[0m [32m INFO[0m [2mnode[0m[2m:[0m Node 2 updated indices for 3 to 0
[2m2025-10-29T23:39:15.882597Z[0m [32m INFO[0m [2mnode[0m[2m:[0m Node 2 received AppendReply from 3 (success: true)
[2m2025-10-29T23:39:15.882597Z[0m [32m INFO[0m [2mnode[0m[2m:[0m Node 2 received AppendReply from 1 (success: true)
[2m2025-10-29T23:39:15.882665Z[0m [32m INFO[0m [2mnode[0m[2m:[0m Node 2 updated indices for 3 to 0
[2m2025-10-29T23:39:15.882697Z[0m [32m INFO[0m [2mnode[0m[2m:[0m Node 2 updated indices for 1 to 0
[2m2025-10-29T23:39:16.384318Z[0m [32m INFO[0m [2mnode[0m[2m:[0m Node 2 received AppendReply from 3 (success: true)
[2m2025-10-29T23:39:16.384379Z[0m [32m INFO[0m [2mnode[0m[2m:[0m Node 2 updated indices for 3 to 0
[2m2025-10-29T23:39:16.384469Z[0m [32m INFO[0m [2mnode[0m[2m:[0m Node 2 received AppendReply from 1 (success: true)
[2m2025-10-29T23:39:16.384510Z[0m [32m INFO[0m [2mnode[0m[2m:[0m Node 2 updated indices for 1 to 0
[2m2025-10-29T23:39:16.684608Z[0m [32m INFO[0m [2mnode[0m[2m:[0m ðŸ“¡ Node 2 accepted client connection from 127.0.0.1:60486
[2m2025-10-29T23:39:16.886187Z[0m [32m INFO[0m [2mnode[0m[2m:[0m Node 2 received AppendReply from 1 (success: true)
[2m2025-10-29T23:39:16.886240Z[0m [32m INFO[0m [2mnode[0m[2m:[0m Node 2 received AppendReply from 3 (success: true)
[2m2025-10-29T23:39:16.886252Z[0m [32m INFO[0m [2mnode[0m[2m:[0m Node 2 updated indices for 1 to 0
[2m2025-10-29T23:39:16.886297Z[0m [32m INFO[0m [2mnode[0m[2m:[0m Node 2 updated indices for 3 to 0
[2m2025-10-29T23:39:17.387957Z[0m [32m INFO[0m [2mnode[0m[2m:[0m Node 2 received AppendReply from 3 (success: true)
[2m2025-10-29T23:39:17.388008Z[0m [32m INFO[0m [2mnode[0m[2m:[0m Node 2 updated indices for 3 to 0
[2m2025-10-29T23:39:17.388080Z[0m [32m INFO[0m [2mnode[0m[2m:[0m Node 2 received AppendReply from 1 (success: true)
[2m2025-10-29T23:39:17.388112Z[0m [32m INFO[0m [2mnode[0m[2m:[0m Node 2 updated indices for 1 to 0
[2m2025-10-29T23:39:17.889349Z[0m [32m INFO[0m [2mnode[0m[2m:[0m Node 2 received AppendReply from 3 (success: true)
[2m2025-10-29T23:39:17.889474Z[0m [32m INFO[0m [2mnode[0m[2m:[0m Node 2 updated indices for 3 to 0
[2m2025-10-29T23:39:17.889602Z[0m [32m INFO[0m [2mnode[0m[2m:[0m Node 2 received AppendReply from 1 (success: true)
[2m2025-10-29T23:39:17.889699Z[0m [32m INFO[0m [2mnode[0m[2m:[0m Node 2 updated indices for 1 to 0
[2m2025-10-29T23:39:18.391881Z[0m [32m INFO[0m [2mnode[0m[2m:[0m Node 2 received AppendReply from 1 (success: true)
[2m2025-10-29T23:39:18.391897Z[0m [32m INFO[0m [2mnode[0m[2m:[0m Node 2 received AppendReply from 3 (success: true)
[2m2025-10-29T23:39:18.391963Z[0m [32m INFO[0m [2mnode[0m[2m:[0m Node 2 updated indices for 1 to 0
[2m2025-10-29T23:39:18.392004Z[0m [32m INFO[0m [2mnode[0m[2m:[0m Node 2 updated indices for 3 to 0
[2m2025-10-29T23:39:18.893727Z[0m [32m INFO[0m [2mnode[0m[2m:[0m Node 2 received AppendReply from 3 (success: true)
[2m2025-10-29T23:39:18.893791Z[0m [32m INFO[0m [2mnode[0m[2m:[0m Node 2 updated indices for 3 to 0
[2m2025-10-29T23:39:18.893883Z[0m [32m INFO[0m [2mnode[0m[2m:[0m Node 2 received AppendReply from 1 (success: true)
[2m2025-10-29T23:39:18.893928Z[0m [32m INFO[0m [2mnode[0m[2m:[0m Node 2 updated indices for 1 to 0
[2m2025-10-29T23:39:19.395855Z[0m [32m INFO[0m [2mnode[0m[2m:[0m Node 2 received AppendReply from 3 (success: true)
[2m2025-10-29T23:39:19.395875Z[0m [32m INFO[0m [2mnode[0m[2m:[0m Node 2 received AppendReply from 1 (success: true)
[2m2025-10-29T23:39:19.395945Z[0m [32m INFO[0m [2mnode[0m[2m:[0m Node 2 updated indices for 3 to 0
[2m2025-10-29T23:39:19.396001Z[0m [32m INFO[0m [2mnode[0m[2m:[0m Node 2 updated indices for 1 to 0
[2m2025-10-29T23:39:19.898172Z[0m [32m INFO[0m [2mnode[0m[2m:[0m Node 2 received AppendReply from 3 (success: true)
[2m2025-10-29T23:39:19.898253Z[0m [32m INFO[0m [2mnode[0m[2m:[0m Node 2 updated indices for 3 to 0
[2m2025-10-29T23:39:19.898455Z[0m [32m INFO[0m [2mnode[0m[2m:[0m Node 2 received AppendReply from 1 (success: true)
[2m2025-10-29T23:39:19.898538Z[0m [32m INFO[0m [2mnode[0m[2m:[0m Node 2 updated indices for 1 to 0
