warning: unused import: `std::collections::HashMap`
 --> src/data_structures.rs:2:5
  |
2 | use std::collections::HashMap;
  |     ^^^^^^^^^^^^^^^^^^^^^^^^^
  |
  = note: `#[warn(unused_imports)]` on by default

warning: unused imports: `RwLock` and `mpsc`
 --> src/data_structures.rs:3:19
  |
3 | use tokio::sync::{mpsc, RwLock};
  |                   ^^^^  ^^^^^^

warning: unused import: `std::sync::Arc`
 --> src/data_structures.rs:4:5
  |
4 | use std::sync::Arc;
  |     ^^^^^^^^^^^^^^

warning: unused imports: `Duration` and `Instant`
 --> src/data_structures.rs:5:19
  |
5 | use tokio::time::{Duration, Instant};
  |                   ^^^^^^^^  ^^^^^^^

warning: `cloud_p2p_raft` (lib) generated 4 warnings (run `cargo fix --lib -p cloud_p2p_raft` to apply 4 suggestions)
warning: unused import: `base64::Engine`
    --> src/bin/node.rs:1280:5
     |
1280 | use base64::Engine;
     |     ^^^^^^^^^^^^^^
     |
     = note: `#[warn(unused_imports)]` on by default

warning: unused import: `stego_unwrap`
    --> src/bin/node.rs:1296:48
     |
1296 | use cloud_p2p_raft::utils::stego::{stego_wrap, stego_unwrap};
     |                                                ^^^^^^^^^^^^

warning: unused import: `tokio::fs`
    --> src/bin/node.rs:1297:5
     |
1297 | use tokio::fs;
     |     ^^^^^^^^^

warning: `cloud_p2p_raft` (bin "node") generated 3 warnings (run `cargo fix --bin "node"` to apply 3 suggestions)
    Finished `dev` profile [unoptimized + debuginfo] target(s) in 0.05s
     Running `target/debug/node --id 3 --addr '127.0.0.1:7003' --peers '1=127.0.0.1:7001,2=127.0.0.1:7002'`
[2m2025-10-31T15:05:42.757659Z[0m [32m INFO[0m [2mnode[0m[2m:[0m Node 3 listening on 127.0.0.1:7003
[2m2025-10-31T15:05:42.758178Z[0m [32m INFO[0m [2mnode[0m[2m:[0m Node 3 attempting to connect to peer 1 at 127.0.0.1:7001
[2m2025-10-31T15:05:42.758184Z[0m [32m INFO[0m [2mnode[0m[2m:[0m Node 3 attempting to connect to peer 2 at 127.0.0.1:7002
[2m2025-10-31T15:05:42.758709Z[0m [32m INFO[0m [2mnode[0m[2m:[0m Node 3 client API listening on 127.0.0.1:9003
[2m2025-10-31T15:05:42.758702Z[0m [32m INFO[0m [2mnode[0m[2m:[0m Node 3 connected to peer 1 at 127.0.0.1:7001
[2m2025-10-31T15:05:42.758787Z[0m [32m INFO[0m [2mnode[0m[2m:[0m Node 3 connected to peer 2 at 127.0.0.1:7002
[2m2025-10-31T15:05:44.181134Z[0m [32m INFO[0m [2mnode[0m[2m:[0m Node 3 accepted connection from 127.0.0.1:52185
[2m2025-10-31T15:05:44.187218Z[0m [32m INFO[0m [2mnode[0m[2m:[0m Node 3 received AppendEntries from 1 (term 1, 0 entries)
[2m2025-10-31T15:05:44.688835Z[0m [32m INFO[0m [2mnode[0m[2m:[0m Node 3 received AppendEntries from 1 (term 1, 0 entries)
[2m2025-10-31T15:05:44.755944Z[0m [32m INFO[0m [2mnode[0m[2m:[0m Node 3 accepted connection from 127.0.0.1:52186
[2m2025-10-31T15:05:45.191161Z[0m [32m INFO[0m [2mnode[0m[2m:[0m Node 3 received AppendEntries from 1 (term 1, 0 entries)
[2m2025-10-31T15:05:45.693074Z[0m [32m INFO[0m [2mnode[0m[2m:[0m Node 3 received AppendEntries from 1 (term 1, 0 entries)
[2m2025-10-31T15:05:46.194597Z[0m [32m INFO[0m [2mnode[0m[2m:[0m Node 3 received AppendEntries from 1 (term 1, 0 entries)
[2m2025-10-31T15:05:46.697682Z[0m [32m INFO[0m [2mnode[0m[2m:[0m Node 3 received AppendEntries from 1 (term 1, 0 entries)
[2m2025-10-31T15:05:47.199620Z[0m [32m INFO[0m [2mnode[0m[2m:[0m Node 3 received AppendEntries from 1 (term 1, 0 entries)
[2m2025-10-31T15:05:47.700673Z[0m [32m INFO[0m [2mnode[0m[2m:[0m Node 3 received AppendEntries from 1 (term 1, 0 entries)
[2m2025-10-31T15:05:48.203058Z[0m [32m INFO[0m [2mnode[0m[2m:[0m Node 3 received AppendEntries from 1 (term 1, 0 entries)
[2m2025-10-31T15:05:48.705037Z[0m [32m INFO[0m [2mnode[0m[2m:[0m Node 3 received AppendEntries from 1 (term 1, 0 entries)
[2m2025-10-31T15:05:49.208201Z[0m [32m INFO[0m [2mnode[0m[2m:[0m Node 3 received AppendEntries from 1 (term 1, 0 entries)
[2m2025-10-31T15:05:49.707585Z[0m [32m INFO[0m [2mnode[0m[2m:[0m Node 3 received AppendEntries from 1 (term 1, 0 entries)
[2m2025-10-31T15:05:50.209825Z[0m [32m INFO[0m [2mnode[0m[2m:[0m Node 3 received AppendEntries from 1 (term 1, 0 entries)
[2m2025-10-31T15:05:50.711430Z[0m [32m INFO[0m [2mnode[0m[2m:[0m Node 3 received AppendEntries from 1 (term 1, 0 entries)
[2m2025-10-31T15:05:51.213023Z[0m [32m INFO[0m [2mnode[0m[2m:[0m Node 3 received AppendEntries from 1 (term 1, 0 entries)
[2m2025-10-31T15:05:51.715095Z[0m [32m INFO[0m [2mnode[0m[2m:[0m Node 3 received AppendEntries from 1 (term 1, 0 entries)
[2m2025-10-31T15:05:52.216790Z[0m [32m INFO[0m [2mnode[0m[2m:[0m Node 3 received AppendEntries from 1 (term 1, 0 entries)
[2m2025-10-31T15:05:52.718570Z[0m [32m INFO[0m [2mnode[0m[2m:[0m Node 3 received AppendEntries from 1 (term 1, 0 entries)
[2m2025-10-31T15:05:53.220364Z[0m [32m INFO[0m [2mnode[0m[2m:[0m Node 3 received AppendEntries from 1 (term 1, 0 entries)
[2m2025-10-31T15:05:53.721426Z[0m [32m INFO[0m [2mnode[0m[2m:[0m Node 3 received AppendEntries from 1 (term 1, 0 entries)
[2m2025-10-31T15:05:54.224162Z[0m [32m INFO[0m [2mnode[0m[2m:[0m Node 3 received AppendEntries from 1 (term 1, 0 entries)
[2m2025-10-31T15:05:54.725580Z[0m [32m INFO[0m [2mnode[0m[2m:[0m Node 3 received AppendEntries from 1 (term 1, 0 entries)
[2m2025-10-31T15:05:55.228326Z[0m [32m INFO[0m [2mnode[0m[2m:[0m Node 3 received AppendEntries from 1 (term 1, 0 entries)
[2m2025-10-31T15:05:55.731330Z[0m [32m INFO[0m [2mnode[0m[2m:[0m Node 3 received AppendEntries from 1 (term 1, 0 entries)
[2m2025-10-31T15:05:56.232560Z[0m [32m INFO[0m [2mnode[0m[2m:[0m Node 3 received AppendEntries from 1 (term 1, 0 entries)
[2m2025-10-31T15:05:56.734793Z[0m [32m INFO[0m [2mnode[0m[2m:[0m Node 3 received AppendEntries from 1 (term 1, 0 entries)
[2m2025-10-31T15:05:57.237664Z[0m [32m INFO[0m [2mnode[0m[2m:[0m Node 3 received AppendEntries from 1 (term 1, 0 entries)
[2m2025-10-31T15:05:57.739158Z[0m [32m INFO[0m [2mnode[0m[2m:[0m Node 3 received AppendEntries from 1 (term 1, 0 entries)
[2m2025-10-31T15:05:58.241174Z[0m [32m INFO[0m [2mnode[0m[2m:[0m Node 3 received AppendEntries from 1 (term 1, 0 entries)
[2m2025-10-31T15:05:58.744445Z[0m [32m INFO[0m [2mnode[0m[2m:[0m Node 3 received AppendEntries from 1 (term 1, 0 entries)
[2m2025-10-31T15:05:59.246403Z[0m [32m INFO[0m [2mnode[0m[2m:[0m Node 3 received AppendEntries from 1 (term 1, 0 entries)
[2m2025-10-31T15:05:59.748199Z[0m [32m INFO[0m [2mnode[0m[2m:[0m Node 3 received AppendEntries from 1 (term 1, 0 entries)
[2m2025-10-31T15:06:00.249380Z[0m [32m INFO[0m [2mnode[0m[2m:[0m Node 3 received AppendEntries from 1 (term 1, 0 entries)
[2m2025-10-31T15:06:00.752309Z[0m [32m INFO[0m [2mnode[0m[2m:[0m Node 3 received AppendEntries from 1 (term 1, 0 entries)
[2m2025-10-31T15:06:01.254002Z[0m [32m INFO[0m [2mnode[0m[2m:[0m Node 3 received AppendEntries from 1 (term 1, 0 entries)
[2m2025-10-31T15:06:01.755488Z[0m [32m INFO[0m [2mnode[0m[2m:[0m Node 3 received AppendEntries from 1 (term 1, 0 entries)
[2m2025-10-31T15:06:02.263713Z[0m [32m INFO[0m [2mnode[0m[2m:[0m Node 3 received AppendEntries from 1 (term 1, 0 entries)
[2m2025-10-31T15:06:02.761475Z[0m [32m INFO[0m [2mnode[0m[2m:[0m Node 3 received AppendEntries from 1 (term 1, 0 entries)
[2m2025-10-31T15:06:03.264250Z[0m [32m INFO[0m [2mnode[0m[2m:[0m Node 3 received AppendEntries from 1 (term 1, 0 entries)
[2m2025-10-31T15:06:03.764586Z[0m [32m INFO[0m [2mnode[0m[2m:[0m Node 3 received AppendEntries from 1 (term 1, 0 entries)
[2m2025-10-31T15:06:04.266787Z[0m [32m INFO[0m [2mnode[0m[2m:[0m Node 3 received AppendEntries from 1 (term 1, 0 entries)
[2m2025-10-31T15:06:04.769418Z[0m [32m INFO[0m [2mnode[0m[2m:[0m Node 3 received AppendEntries from 1 (term 1, 0 entries)
[2m2025-10-31T15:06:05.271599Z[0m [32m INFO[0m [2mnode[0m[2m:[0m Node 3 received AppendEntries from 1 (term 1, 0 entries)
[2m2025-10-31T15:06:05.774917Z[0m [32m INFO[0m [2mnode[0m[2m:[0m Node 3 received AppendEntries from 1 (term 1, 0 entries)
[2m2025-10-31T15:06:06.276409Z[0m [32m INFO[0m [2mnode[0m[2m:[0m Node 3 received AppendEntries from 1 (term 1, 0 entries)
[2m2025-10-31T15:06:06.777738Z[0m [32m INFO[0m [2mnode[0m[2m:[0m Node 3 received AppendEntries from 1 (term 1, 0 entries)
[2m2025-10-31T15:06:07.280125Z[0m [32m INFO[0m [2mnode[0m[2m:[0m Node 3 received AppendEntries from 1 (term 1, 0 entries)
[2m2025-10-31T15:06:07.781812Z[0m [32m INFO[0m [2mnode[0m[2m:[0m Node 3 received AppendEntries from 1 (term 1, 0 entries)
[2m2025-10-31T15:06:08.283405Z[0m [32m INFO[0m [2mnode[0m[2m:[0m Node 3 received AppendEntries from 1 (term 1, 0 entries)
[2m2025-10-31T15:06:08.785862Z[0m [32m INFO[0m [2mnode[0m[2m:[0m Node 3 received AppendEntries from 1 (term 1, 0 entries)
[2m2025-10-31T15:06:09.287920Z[0m [32m INFO[0m [2mnode[0m[2m:[0m Node 3 received AppendEntries from 1 (term 1, 0 entries)
[2m2025-10-31T15:06:09.790145Z[0m [32m INFO[0m [2mnode[0m[2m:[0m Node 3 received AppendEntries from 1 (term 1, 0 entries)
[2m2025-10-31T15:06:10.291729Z[0m [32m INFO[0m [2mnode[0m[2m:[0m Node 3 received AppendEntries from 1 (term 1, 0 entries)
[2m2025-10-31T15:06:10.793657Z[0m [32m INFO[0m [2mnode[0m[2m:[0m Node 3 received AppendEntries from 1 (term 1, 0 entries)
[2m2025-10-31T15:06:11.295498Z[0m [32m INFO[0m [2mnode[0m[2m:[0m Node 3 received AppendEntries from 1 (term 1, 0 entries)
[2m2025-10-31T15:06:11.797284Z[0m [32m INFO[0m [2mnode[0m[2m:[0m Node 3 received AppendEntries from 1 (term 1, 0 entries)
[2m2025-10-31T15:06:12.305943Z[0m [32m INFO[0m [2mnode[0m[2m:[0m Node 3 received AppendEntries from 1 (term 1, 0 entries)
[2m2025-10-31T15:06:12.807833Z[0m [32m INFO[0m [2mnode[0m[2m:[0m Node 3 received AppendEntries from 1 (term 1, 0 entries)
[2m2025-10-31T15:06:13.308717Z[0m [32m INFO[0m [2mnode[0m[2m:[0m Node 3 received AppendEntries from 1 (term 1, 0 entries)
[2m2025-10-31T15:06:13.811071Z[0m [32m INFO[0m [2mnode[0m[2m:[0m Node 3 received AppendEntries from 1 (term 1, 0 entries)
[2m2025-10-31T15:06:14.313340Z[0m [32m INFO[0m [2mnode[0m[2m:[0m Node 3 received AppendEntries from 1 (term 1, 0 entries)
[2m2025-10-31T15:06:14.815241Z[0m [32m INFO[0m [2mnode[0m[2m:[0m Node 3 received AppendEntries from 1 (term 1, 0 entries)
[2m2025-10-31T15:06:15.317074Z[0m [32m INFO[0m [2mnode[0m[2m:[0m Node 3 received AppendEntries from 1 (term 1, 0 entries)
[2m2025-10-31T15:06:15.818803Z[0m [32m INFO[0m [2mnode[0m[2m:[0m Node 3 received AppendEntries from 1 (term 1, 0 entries)
[2m2025-10-31T15:06:16.321069Z[0m [32m INFO[0m [2mnode[0m[2m:[0m Node 3 received AppendEntries from 1 (term 1, 0 entries)
[2m2025-10-31T15:06:16.822717Z[0m [32m INFO[0m [2mnode[0m[2m:[0m Node 3 received AppendEntries from 1 (term 1, 0 entries)
[2m2025-10-31T15:06:17.325253Z[0m [32m INFO[0m [2mnode[0m[2m:[0m Node 3 received AppendEntries from 1 (term 1, 0 entries)
[2m2025-10-31T15:06:17.826770Z[0m [32m INFO[0m [2mnode[0m[2m:[0m Node 3 received AppendEntries from 1 (term 1, 0 entries)
[2m2025-10-31T15:06:18.328752Z[0m [32m INFO[0m [2mnode[0m[2m:[0m Node 3 received AppendEntries from 1 (term 1, 0 entries)
[2m2025-10-31T15:06:18.830917Z[0m [32m INFO[0m [2mnode[0m[2m:[0m Node 3 received AppendEntries from 1 (term 1, 0 entries)
[2m2025-10-31T15:06:19.332735Z[0m [32m INFO[0m [2mnode[0m[2m:[0m Node 3 received AppendEntries from 1 (term 1, 0 entries)
[2m2025-10-31T15:06:19.833507Z[0m [32m INFO[0m [2mnode[0m[2m:[0m Node 3 received AppendEntries from 1 (term 1, 0 entries)
[2m2025-10-31T15:06:20.336014Z[0m [32m INFO[0m [2mnode[0m[2m:[0m Node 3 received AppendEntries from 1 (term 1, 0 entries)
[2m2025-10-31T15:06:20.837383Z[0m [32m INFO[0m [2mnode[0m[2m:[0m Node 3 received AppendEntries from 1 (term 1, 0 entries)
[2m2025-10-31T15:06:21.339102Z[0m [32m INFO[0m [2mnode[0m[2m:[0m Node 3 received AppendEntries from 1 (term 1, 0 entries)
[2m2025-10-31T15:06:21.841555Z[0m [32m INFO[0m [2mnode[0m[2m:[0m Node 3 received AppendEntries from 1 (term 1, 0 entries)
[2m2025-10-31T15:06:22.343798Z[0m [32m INFO[0m [2mnode[0m[2m:[0m Node 3 received AppendEntries from 1 (term 1, 0 entries)
[2m2025-10-31T15:06:22.846534Z[0m [32m INFO[0m [2mnode[0m[2m:[0m Node 3 received AppendEntries from 1 (term 1, 0 entries)
[2m2025-10-31T15:06:23.347864Z[0m [32m INFO[0m [2mnode[0m[2m:[0m Node 3 received AppendEntries from 1 (term 1, 0 entries)
[2m2025-10-31T15:06:23.850143Z[0m [32m INFO[0m [2mnode[0m[2m:[0m Node 3 received AppendEntries from 1 (term 1, 0 entries)
[2m2025-10-31T15:06:24.352330Z[0m [32m INFO[0m [2mnode[0m[2m:[0m Node 3 received AppendEntries from 1 (term 1, 0 entries)
[2m2025-10-31T15:06:24.854352Z[0m [32m INFO[0m [2mnode[0m[2m:[0m Node 3 received AppendEntries from 1 (term 1, 0 entries)
[2m2025-10-31T15:06:25.356507Z[0m [32m INFO[0m [2mnode[0m[2m:[0m Node 3 received AppendEntries from 1 (term 1, 0 entries)
[2m2025-10-31T15:06:25.858128Z[0m [32m INFO[0m [2mnode[0m[2m:[0m Node 3 received AppendEntries from 1 (term 1, 0 entries)
[2m2025-10-31T15:06:26.360027Z[0m [32m INFO[0m [2mnode[0m[2m:[0m Node 3 received AppendEntries from 1 (term 1, 0 entries)
[2m2025-10-31T15:06:26.861820Z[0m [32m INFO[0m [2mnode[0m[2m:[0m Node 3 received AppendEntries from 1 (term 1, 0 entries)
[2m2025-10-31T15:06:27.363894Z[0m [32m INFO[0m [2mnode[0m[2m:[0m Node 3 received AppendEntries from 1 (term 1, 0 entries)
[2m2025-10-31T15:06:27.865653Z[0m [32m INFO[0m [2mnode[0m[2m:[0m Node 3 received AppendEntries from 1 (term 1, 0 entries)
[2m2025-10-31T15:06:28.368392Z[0m [32m INFO[0m [2mnode[0m[2m:[0m Node 3 received AppendEntries from 1 (term 1, 0 entries)
[2m2025-10-31T15:06:28.869330Z[0m [32m INFO[0m [2mnode[0m[2m:[0m Node 3 received AppendEntries from 1 (term 1, 0 entries)
[2m2025-10-31T15:06:29.371497Z[0m [32m INFO[0m [2mnode[0m[2m:[0m Node 3 received AppendEntries from 1 (term 1, 0 entries)
[2m2025-10-31T15:06:29.874232Z[0m [32m INFO[0m [2mnode[0m[2m:[0m Node 3 received AppendEntries from 1 (term 1, 0 entries)
[2m2025-10-31T15:06:30.375653Z[0m [32m INFO[0m [2mnode[0m[2m:[0m Node 3 received AppendEntries from 1 (term 1, 0 entries)
[2m2025-10-31T15:06:30.878200Z[0m [32m INFO[0m [2mnode[0m[2m:[0m Node 3 received AppendEntries from 1 (term 1, 0 entries)
[2m2025-10-31T15:06:31.379961Z[0m [32m INFO[0m [2mnode[0m[2m:[0m Node 3 received AppendEntries from 1 (term 1, 0 entries)
[2m2025-10-31T15:06:31.882307Z[0m [32m INFO[0m [2mnode[0m[2m:[0m Node 3 received AppendEntries from 1 (term 1, 0 entries)
[2m2025-10-31T15:06:32.383564Z[0m [32m INFO[0m [2mnode[0m[2m:[0m Node 3 received AppendEntries from 1 (term 1, 0 entries)
[2m2025-10-31T15:06:32.885868Z[0m [32m INFO[0m [2mnode[0m[2m:[0m Node 3 received AppendEntries from 1 (term 1, 0 entries)
[2m2025-10-31T15:06:33.387025Z[0m [32m INFO[0m [2mnode[0m[2m:[0m Node 3 received AppendEntries from 1 (term 1, 0 entries)
[2m2025-10-31T15:06:33.888593Z[0m [32m INFO[0m [2mnode[0m[2m:[0m Node 3 received AppendEntries from 1 (term 1, 0 entries)
[2m2025-10-31T15:06:34.390762Z[0m [32m INFO[0m [2mnode[0m[2m:[0m Node 3 received AppendEntries from 1 (term 1, 0 entries)
[2m2025-10-31T15:06:34.892678Z[0m [32m INFO[0m [2mnode[0m[2m:[0m Node 3 received AppendEntries from 1 (term 1, 0 entries)
[2m2025-10-31T15:06:35.395385Z[0m [32m INFO[0m [2mnode[0m[2m:[0m Node 3 received AppendEntries from 1 (term 1, 0 entries)
[2m2025-10-31T15:06:35.897753Z[0m [32m INFO[0m [2mnode[0m[2m:[0m Node 3 received AppendEntries from 1 (term 1, 0 entries)
[2m2025-10-31T15:06:36.401239Z[0m [32m INFO[0m [2mnode[0m[2m:[0m Node 3 received AppendEntries from 1 (term 1, 0 entries)
[2m2025-10-31T15:06:36.907921Z[0m [32m INFO[0m [2mnode[0m[2m:[0m Node 3 received AppendEntries from 1 (term 1, 0 entries)
[2m2025-10-31T15:06:37.409184Z[0m [32m INFO[0m [2mnode[0m[2m:[0m Node 3 received AppendEntries from 1 (term 1, 0 entries)
[2m2025-10-31T15:06:37.911147Z[0m [32m INFO[0m [2mnode[0m[2m:[0m Node 3 received AppendEntries from 1 (term 1, 0 entries)
[2m2025-10-31T15:06:38.413476Z[0m [32m INFO[0m [2mnode[0m[2m:[0m Node 3 received AppendEntries from 1 (term 1, 0 entries)
[2m2025-10-31T15:06:38.914722Z[0m [32m INFO[0m [2mnode[0m[2m:[0m Node 3 received AppendEntries from 1 (term 1, 0 entries)
[2m2025-10-31T15:06:39.417724Z[0m [32m INFO[0m [2mnode[0m[2m:[0m Node 3 received AppendEntries from 1 (term 1, 0 entries)
[2m2025-10-31T15:06:39.919686Z[0m [32m INFO[0m [2mnode[0m[2m:[0m Node 3 received AppendEntries from 1 (term 1, 0 entries)
[2m2025-10-31T15:06:40.422557Z[0m [32m INFO[0m [2mnode[0m[2m:[0m Node 3 received AppendEntries from 1 (term 1, 0 entries)
[2m2025-10-31T15:06:40.924901Z[0m [32m INFO[0m [2mnode[0m[2m:[0m Node 3 received AppendEntries from 1 (term 1, 0 entries)
[2m2025-10-31T15:06:41.425867Z[0m [32m INFO[0m [2mnode[0m[2m:[0m Node 3 received AppendEntries from 1 (term 1, 0 entries)
[2m2025-10-31T15:06:41.928728Z[0m [32m INFO[0m [2mnode[0m[2m:[0m Node 3 received AppendEntries from 1 (term 1, 0 entries)
[2m2025-10-31T15:06:42.430302Z[0m [32m INFO[0m [2mnode[0m[2m:[0m Node 3 received AppendEntries from 1 (term 1, 0 entries)
[2m2025-10-31T15:06:42.936743Z[0m [32m INFO[0m [2mnode[0m[2m:[0m Node 3 received AppendEntries from 1 (term 1, 0 entries)
[2m2025-10-31T15:06:43.434676Z[0m [32m INFO[0m [2mnode[0m[2m:[0m Node 3 received AppendEntries from 1 (term 1, 0 entries)
[2m2025-10-31T15:06:43.936216Z[0m [32m INFO[0m [2mnode[0m[2m:[0m Node 3 received AppendEntries from 1 (term 1, 0 entries)
[2m2025-10-31T15:06:44.437252Z[0m [32m INFO[0m [2mnode[0m[2m:[0m Node 3 received AppendEntries from 1 (term 1, 0 entries)
[2m2025-10-31T15:06:44.939446Z[0m [32m INFO[0m [2mnode[0m[2m:[0m Node 3 received AppendEntries from 1 (term 1, 0 entries)
[2m2025-10-31T15:06:45.441187Z[0m [32m INFO[0m [2mnode[0m[2m:[0m Node 3 received AppendEntries from 1 (term 1, 0 entries)
[2m2025-10-31T15:06:45.942928Z[0m [32m INFO[0m [2mnode[0m[2m:[0m Node 3 received AppendEntries from 1 (term 1, 0 entries)
[2m2025-10-31T15:06:46.444833Z[0m [32m INFO[0m [2mnode[0m[2m:[0m Node 3 received AppendEntries from 1 (term 1, 0 entries)
[2m2025-10-31T15:06:46.947456Z[0m [32m INFO[0m [2mnode[0m[2m:[0m Node 3 received AppendEntries from 1 (term 1, 0 entries)
[2m2025-10-31T15:06:47.449548Z[0m [32m INFO[0m [2mnode[0m[2m:[0m Node 3 received AppendEntries from 1 (term 1, 0 entries)
[2m2025-10-31T15:06:47.951451Z[0m [32m INFO[0m [2mnode[0m[2m:[0m Node 3 received AppendEntries from 1 (term 1, 0 entries)
[2m2025-10-31T15:06:48.453123Z[0m [32m INFO[0m [2mnode[0m[2m:[0m Node 3 received AppendEntries from 1 (term 1, 0 entries)
[2m2025-10-31T15:06:48.955063Z[0m [32m INFO[0m [2mnode[0m[2m:[0m Node 3 received AppendEntries from 1 (term 1, 0 entries)
[2m2025-10-31T15:06:49.463061Z[0m [32m INFO[0m [2mnode[0m[2m:[0m Node 3 received AppendEntries from 1 (term 1, 0 entries)
[2m2025-10-31T15:06:49.960340Z[0m [32m INFO[0m [2mnode[0m[2m:[0m Node 3 received AppendEntries from 1 (term 1, 0 entries)
[2m2025-10-31T15:06:50.461981Z[0m [32m INFO[0m [2mnode[0m[2m:[0m Node 3 received AppendEntries from 1 (term 1, 0 entries)
[2m2025-10-31T15:06:50.963633Z[0m [32m INFO[0m [2mnode[0m[2m:[0m Node 3 received AppendEntries from 1 (term 1, 0 entries)
[2m2025-10-31T15:06:51.466153Z[0m [32m INFO[0m [2mnode[0m[2m:[0m Node 3 received AppendEntries from 1 (term 1, 0 entries)
[2m2025-10-31T15:06:51.967218Z[0m [32m INFO[0m [2mnode[0m[2m:[0m Node 3 received AppendEntries from 1 (term 1, 0 entries)
[2m2025-10-31T15:06:52.469148Z[0m [32m INFO[0m [2mnode[0m[2m:[0m Node 3 received AppendEntries from 1 (term 1, 0 entries)
[2m2025-10-31T15:06:52.971764Z[0m [32m INFO[0m [2mnode[0m[2m:[0m Node 3 received AppendEntries from 1 (term 1, 0 entries)
[2m2025-10-31T15:06:53.474402Z[0m [32m INFO[0m [2mnode[0m[2m:[0m Node 3 received AppendEntries from 1 (term 1, 0 entries)
[2m2025-10-31T15:06:53.978375Z[0m [32m INFO[0m [2mnode[0m[2m:[0m Node 3 received AppendEntries from 1 (term 1, 0 entries)
[2m2025-10-31T15:06:54.480848Z[0m [32m INFO[0m [2mnode[0m[2m:[0m Node 3 received AppendEntries from 1 (term 1, 0 entries)
[2m2025-10-31T15:06:54.983684Z[0m [32m INFO[0m [2mnode[0m[2m:[0m Node 3 received AppendEntries from 1 (term 1, 0 entries)
[2m2025-10-31T15:06:55.484727Z[0m [32m INFO[0m [2mnode[0m[2m:[0m Node 3 received AppendEntries from 1 (term 1, 0 entries)
[2m2025-10-31T15:06:55.987305Z[0m [32m INFO[0m [2mnode[0m[2m:[0m Node 3 received AppendEntries from 1 (term 1, 0 entries)
[2m2025-10-31T15:06:56.489601Z[0m [32m INFO[0m [2mnode[0m[2m:[0m Node 3 received AppendEntries from 1 (term 1, 0 entries)
[2m2025-10-31T15:06:56.990761Z[0m [32m INFO[0m [2mnode[0m[2m:[0m Node 3 received AppendEntries from 1 (term 1, 0 entries)
[2m2025-10-31T15:06:57.492956Z[0m [32m INFO[0m [2mnode[0m[2m:[0m Node 3 received AppendEntries from 1 (term 1, 0 entries)
[2m2025-10-31T15:06:57.995345Z[0m [32m INFO[0m [2mnode[0m[2m:[0m Node 3 received AppendEntries from 1 (term 1, 0 entries)
[2m2025-10-31T15:06:58.496785Z[0m [32m INFO[0m [2mnode[0m[2m:[0m Node 3 received AppendEntries from 1 (term 1, 0 entries)
[2m2025-10-31T15:06:58.999203Z[0m [32m INFO[0m [2mnode[0m[2m:[0m Node 3 received AppendEntries from 1 (term 1, 0 entries)
[2m2025-10-31T15:06:59.500826Z[0m [32m INFO[0m [2mnode[0m[2m:[0m Node 3 received AppendEntries from 1 (term 1, 0 entries)
[2m2025-10-31T15:07:00.002231Z[0m [32m INFO[0m [2mnode[0m[2m:[0m Node 3 received AppendEntries from 1 (term 1, 0 entries)
[2m2025-10-31T15:07:00.504618Z[0m [32m INFO[0m [2mnode[0m[2m:[0m Node 3 received AppendEntries from 1 (term 1, 0 entries)
[2m2025-10-31T15:07:01.006998Z[0m [32m INFO[0m [2mnode[0m[2m:[0m Node 3 received AppendEntries from 1 (term 1, 0 entries)
[2m2025-10-31T15:07:01.508917Z[0m [32m INFO[0m [2mnode[0m[2m:[0m Node 3 received AppendEntries from 1 (term 1, 0 entries)
[2m2025-10-31T15:07:02.010112Z[0m [32m INFO[0m [2mnode[0m[2m:[0m Node 3 received AppendEntries from 1 (term 1, 0 entries)
[2m2025-10-31T15:07:02.511725Z[0m [32m INFO[0m [2mnode[0m[2m:[0m Node 3 received AppendEntries from 1 (term 1, 0 entries)
[2m2025-10-31T15:07:03.014345Z[0m [32m INFO[0m [2mnode[0m[2m:[0m Node 3 received AppendEntries from 1 (term 1, 0 entries)
[2m2025-10-31T15:07:03.516208Z[0m [32m INFO[0m [2mnode[0m[2m:[0m Node 3 received AppendEntries from 1 (term 1, 0 entries)
[2m2025-10-31T15:07:04.018788Z[0m [32m INFO[0m [2mnode[0m[2m:[0m Node 3 received AppendEntries from 1 (term 1, 0 entries)
[2m2025-10-31T15:07:04.521526Z[0m [32m INFO[0m [2mnode[0m[2m:[0m Node 3 received AppendEntries from 1 (term 1, 0 entries)
[2m2025-10-31T15:07:05.022668Z[0m [32m INFO[0m [2mnode[0m[2m:[0m Node 3 received AppendEntries from 1 (term 1, 0 entries)
[2m2025-10-31T15:07:05.525494Z[0m [32m INFO[0m [2mnode[0m[2m:[0m Node 3 received AppendEntries from 1 (term 1, 0 entries)
[2m2025-10-31T15:07:06.026564Z[0m [32m INFO[0m [2mnode[0m[2m:[0m Node 3 received AppendEntries from 1 (term 1, 0 entries)
[2m2025-10-31T15:07:06.529323Z[0m [32m INFO[0m [2mnode[0m[2m:[0m Node 3 received AppendEntries from 1 (term 1, 0 entries)
[2m2025-10-31T15:07:07.031225Z[0m [32m INFO[0m [2mnode[0m[2m:[0m Node 3 received AppendEntries from 1 (term 1, 0 entries)
[2m2025-10-31T15:07:07.533409Z[0m [32m INFO[0m [2mnode[0m[2m:[0m Node 3 received AppendEntries from 1 (term 1, 0 entries)
[2m2025-10-31T15:07:08.035623Z[0m [32m INFO[0m [2mnode[0m[2m:[0m Node 3 received AppendEntries from 1 (term 1, 0 entries)
[2m2025-10-31T15:07:08.537223Z[0m [32m INFO[0m [2mnode[0m[2m:[0m Node 3 received AppendEntries from 1 (term 1, 0 entries)
[2m2025-10-31T15:07:09.039761Z[0m [32m INFO[0m [2mnode[0m[2m:[0m Node 3 received AppendEntries from 1 (term 1, 0 entries)
[2m2025-10-31T15:07:09.542036Z[0m [32m INFO[0m [2mnode[0m[2m:[0m Node 3 received AppendEntries from 1 (term 1, 0 entries)
[2m2025-10-31T15:07:10.044453Z[0m [32m INFO[0m [2mnode[0m[2m:[0m Node 3 received AppendEntries from 1 (term 1, 0 entries)
[2m2025-10-31T15:07:10.545292Z[0m [32m INFO[0m [2mnode[0m[2m:[0m Node 3 received AppendEntries from 1 (term 1, 0 entries)
[2m2025-10-31T15:07:11.046898Z[0m [32m INFO[0m [2mnode[0m[2m:[0m Node 3 received AppendEntries from 1 (term 1, 0 entries)
[2m2025-10-31T15:07:11.548492Z[0m [32m INFO[0m [2mnode[0m[2m:[0m Node 3 received AppendEntries from 1 (term 1, 0 entries)
[2m2025-10-31T15:07:12.049374Z[0m [32m INFO[0m [2mnode[0m[2m:[0m Node 3 received AppendEntries from 1 (term 1, 0 entries)
[2m2025-10-31T15:07:12.550746Z[0m [32m INFO[0m [2mnode[0m[2m:[0m Node 3 received AppendEntries from 1 (term 1, 0 entries)
[2m2025-10-31T15:07:13.054055Z[0m [32m INFO[0m [2mnode[0m[2m:[0m Node 3 received AppendEntries from 1 (term 1, 0 entries)
[2m2025-10-31T15:07:13.556075Z[0m [32m INFO[0m [2mnode[0m[2m:[0m Node 3 received AppendEntries from 1 (term 1, 0 entries)
[2m2025-10-31T15:07:14.057739Z[0m [32m INFO[0m [2mnode[0m[2m:[0m Node 3 received AppendEntries from 1 (term 1, 0 entries)
[2m2025-10-31T15:07:14.559593Z[0m [32m INFO[0m [2mnode[0m[2m:[0m Node 3 received AppendEntries from 1 (term 1, 0 entries)
[2m2025-10-31T15:07:15.062566Z[0m [32m INFO[0m [2mnode[0m[2m:[0m Node 3 received AppendEntries from 1 (term 1, 0 entries)
[2m2025-10-31T15:07:15.564735Z[0m [32m INFO[0m [2mnode[0m[2m:[0m Node 3 received AppendEntries from 1 (term 1, 0 entries)
[2m2025-10-31T15:07:16.067292Z[0m [32m INFO[0m [2mnode[0m[2m:[0m Node 3 received AppendEntries from 1 (term 1, 0 entries)
[2m2025-10-31T15:07:16.570032Z[0m [32m INFO[0m [2mnode[0m[2m:[0m Node 3 received AppendEntries from 1 (term 1, 0 entries)
[2m2025-10-31T15:07:17.072290Z[0m [32m INFO[0m [2mnode[0m[2m:[0m Node 3 received AppendEntries from 1 (term 1, 0 entries)
[2m2025-10-31T15:07:17.573557Z[0m [32m INFO[0m [2mnode[0m[2m:[0m Node 3 received AppendEntries from 1 (term 1, 0 entries)
[2m2025-10-31T15:07:18.075992Z[0m [32m INFO[0m [2mnode[0m[2m:[0m Node 3 received AppendEntries from 1 (term 1, 0 entries)
[2m2025-10-31T15:07:18.577520Z[0m [32m INFO[0m [2mnode[0m[2m:[0m Node 3 received AppendEntries from 1 (term 1, 0 entries)
[2m2025-10-31T15:07:19.080445Z[0m [32m INFO[0m [2mnode[0m[2m:[0m Node 3 received AppendEntries from 1 (term 1, 0 entries)
[2m2025-10-31T15:07:19.582677Z[0m [32m INFO[0m [2mnode[0m[2m:[0m Node 3 received AppendEntries from 1 (term 1, 0 entries)
[2m2025-10-31T15:07:20.083894Z[0m [32m INFO[0m [2mnode[0m[2m:[0m Node 3 received AppendEntries from 1 (term 1, 0 entries)
[2m2025-10-31T15:07:20.585451Z[0m [32m INFO[0m [2mnode[0m[2m:[0m Node 3 received AppendEntries from 1 (term 1, 0 entries)
[2m2025-10-31T15:07:21.086407Z[0m [32m INFO[0m [2mnode[0m[2m:[0m Node 3 received AppendEntries from 1 (term 1, 0 entries)
[2m2025-10-31T15:07:21.587731Z[0m [32m INFO[0m [2mnode[0m[2m:[0m Node 3 received AppendEntries from 1 (term 1, 0 entries)
[2m2025-10-31T15:07:22.090128Z[0m [32m INFO[0m [2mnode[0m[2m:[0m Node 3 received AppendEntries from 1 (term 1, 0 entries)
[2m2025-10-31T15:07:22.592488Z[0m [32m INFO[0m [2mnode[0m[2m:[0m Node 3 received AppendEntries from 1 (term 1, 0 entries)
[2m2025-10-31T15:07:23.093885Z[0m [32m INFO[0m [2mnode[0m[2m:[0m Node 3 received AppendEntries from 1 (term 1, 0 entries)
[2m2025-10-31T15:07:23.596315Z[0m [32m INFO[0m [2mnode[0m[2m:[0m Node 3 received AppendEntries from 1 (term 1, 0 entries)
[2m2025-10-31T15:07:24.098646Z[0m [32m INFO[0m [2mnode[0m[2m:[0m Node 3 received AppendEntries from 1 (term 1, 0 entries)
[2m2025-10-31T15:07:24.600478Z[0m [32m INFO[0m [2mnode[0m[2m:[0m Node 3 received AppendEntries from 1 (term 1, 0 entries)
[2m2025-10-31T15:07:25.101826Z[0m [32m INFO[0m [2mnode[0m[2m:[0m Node 3 received AppendEntries from 1 (term 1, 0 entries)
[2m2025-10-31T15:07:25.603429Z[0m [32m INFO[0m [2mnode[0m[2m:[0m Node 3 received AppendEntries from 1 (term 1, 0 entries)
[2m2025-10-31T15:07:26.105268Z[0m [32m INFO[0m [2mnode[0m[2m:[0m Node 3 received AppendEntries from 1 (term 1, 0 entries)
[2m2025-10-31T15:07:26.607455Z[0m [32m INFO[0m [2mnode[0m[2m:[0m Node 3 received AppendEntries from 1 (term 1, 0 entries)
[2m2025-10-31T15:07:27.109034Z[0m [32m INFO[0m [2mnode[0m[2m:[0m Node 3 received AppendEntries from 1 (term 1, 0 entries)
[2m2025-10-31T15:07:27.610543Z[0m [32m INFO[0m [2mnode[0m[2m:[0m Node 3 received AppendEntries from 1 (term 1, 0 entries)
[2m2025-10-31T15:07:28.112347Z[0m [32m INFO[0m [2mnode[0m[2m:[0m Node 3 received AppendEntries from 1 (term 1, 0 entries)
